2025-04-25 22:15:21,465 - EventDebugger - INFO - Starting ADMF-Trader Event System Debugger
2025-04-25 22:15:21,465 - EventDebugger - INFO - Patching OrderManager.on_fill method
2025-04-25 22:15:21,465 - EventDebugger - INFO - Patch applied to OrderManager.on_fill
2025-04-25 22:15:21,465 - EventDebugger - INFO - Patching SimulatedBroker.process_order method
2025-04-25 22:15:21,465 - EventDebugger - INFO - Patch applied to SimulatedBroker.process_order
2025-04-25 22:15:21,465 - EventDebugger - INFO - Patching SimulatedBroker.on_order method
2025-04-25 22:15:21,465 - EventDebugger - INFO - Patch applied to SimulatedBroker.on_order
2025-04-25 22:15:21,465 - EventDebugger - INFO - === Starting Basic Order Flow Test ===
2025-04-25 22:15:21,466 - src.core.events.event_bus - DEBUG - Registered handler for ORDER
2025-04-25 22:15:21,466 - src.core.events.event_bus - DEBUG - Registered handler for ORDER
2025-04-25 22:15:21,466 - src.core.events.event_bus - DEBUG - Registered handler for FILL
2025-04-25 22:15:21,466 - src.core.events.event_bus - DEBUG - Registered handler for FILL
2025-04-25 22:15:21,466 - src.core.events.event_bus - DEBUG - Registered handler for BAR
2025-04-25 22:15:21,466 - EventDebugger - INFO - Setting up event handlers...
2025-04-25 22:15:21,466 - src.core.events.event_bus - DEBUG - Registered handler for ORDER
2025-04-25 22:15:21,466 - src.core.events.event_bus - DEBUG - Registered handler for ORDER
2025-04-25 22:15:21,466 - src.core.events.event_bus - DEBUG - Registered handler for FILL
2025-04-25 22:15:21,466 - src.core.events.event_bus - DEBUG - Registered handler for FILL
2025-04-25 22:15:21,466 - EventDebugger - INFO - Test 1: Normal order flow
2025-04-25 22:15:21,466 - EventDebugger - INFO - Created order with ID: 5ca87508-e4cb-4026-97ad-224103299649
2025-04-25 22:15:21,466 - EventDebugger - INFO - Emitting order event...
2025-04-25 22:15:21,466 - EventDebugger - DEBUG - EVENT EMITTED: ORDER at 2025-04-25 22:15:21.466300
2025-04-25 22:15:21,466 - EventDebugger - DEBUG -   Order: BUY 100 AAPL @ 150.0
2025-04-25 22:15:21,466 - EventDebugger - DEBUG -   Order ID: 5ca87508-e4cb-4026-97ad-224103299649
2025-04-25 22:15:21,466 - src.core.events.event_bus - DEBUG - Emitting ORDER event (ID: 84e60e5b-4cbe-470a-8cc7-86615f4e7d14)
2025-04-25 22:15:21,466 - EventDebugger - DEBUG - Executing patched on_order method
2025-04-25 22:15:21,466 - EventDebugger - DEBUG - Executing patched process_order method
2025-04-25 22:15:21,466 - EventDebugger - DEBUG - Processing order with ID: 5ca87508-e4cb-4026-97ad-224103299649
2025-04-25 22:15:21,466 - EventDebugger - DEBUG - Added order_id 5ca87508-e4cb-4026-97ad-224103299649 to fill event
2025-04-25 22:15:21,466 - EventDebugger - INFO - Broker emitted fill event for AAPL
2025-04-25 22:15:21,479 - EventDebugger - DEBUG - EVENT EMITTED: FILL at 2025-04-25 22:15:21.466300
2025-04-25 22:15:21,479 - EventDebugger - DEBUG -   Fill: BUY 100 AAPL @ 150.0
2025-04-25 22:15:21,479 - EventDebugger - DEBUG -   Order ID: 5ca87508-e4cb-4026-97ad-224103299649
2025-04-25 22:15:21,479 - src.core.events.event_bus - DEBUG - Emitting FILL event (ID: fd0168aa-3f77-403a-8126-1e732c3b130e)
2025-04-25 22:15:21,479 - EventDebugger - DEBUG - Executing patched on_fill method
2025-04-25 22:15:21,479 - EventDebugger - DEBUG - Processing fill: BUY 100 AAPL @ 150.00
2025-04-25 22:15:21,479 - EventDebugger - DEBUG - Fill has order_id: 5ca87508-e4cb-4026-97ad-224103299649
2025-04-25 22:15:21,479 - EventDebugger - WARNING - Creating synthetic order for orphaned fill: AAPL BUY
2025-04-25 22:15:21,479 - EventDebugger - INFO - Created order: Order(7e74bc3b-b3aa-40b1-b7f3-7383e97df8b2, AAPL, BUY, 100, CREATED)
2025-04-25 22:15:21,479 - EventDebugger - DEBUG - EVENT EMITTED: PORTFOLIO at 2025-04-25 22:15:21.479227
2025-04-25 22:15:21,479 - src.core.events.event_bus - DEBUG - Emitting PORTFOLIO event (ID: 172111a3-2285-4bbe-ac89-96a4e6ca0fdf)
2025-04-25 22:15:21,479 - EventDebugger - INFO - Updated order with fill: Order(7e74bc3b-b3aa-40b1-b7f3-7383e97df8b2, AAPL, BUY, 100, FILLED)
2025-04-25 22:15:21,479 - src.risk.portfolio.portfolio - WARNING - Adjusting BUY quantity from 100 to 66
2025-04-25 22:15:21,479 - src.risk.portfolio.position - DEBUG - Position update for AAPL: current=0, change=66, cost_basis=0.0
2025-04-25 22:15:21,479 - src.risk.portfolio.position - DEBUG - Opening new position: quantity=66, cost_basis=150.0
2025-04-25 22:15:21,479 - src.risk.portfolio.position - DEBUG - Update complete: quantity=66, cost_basis=150.0, realized_pnl=0.0
2025-04-25 22:15:21,479 - src.risk.portfolio.portfolio - INFO - Trade recorded with PnL: 0.00
2025-04-25 22:15:21,479 - src.risk.portfolio.portfolio - INFO - Fill: BUY 66 AAPL @ 150.00, PnL: 0.00, Cash: 100.00, Equity: 10000.00
2025-04-25 22:15:21,479 - EventDebugger - DEBUG - EVENT EMITTED: PORTFOLIO at 2025-04-25 22:15:21.466300
2025-04-25 22:15:21,479 - src.core.events.event_bus - DEBUG - Emitting PORTFOLIO event (ID: 380eae6a-cb6e-4cb2-b7bf-3f157e54a7a8)
2025-04-25 22:15:21,479 - EventDebugger - DEBUG - Executing patched on_fill method
2025-04-25 22:15:21,479 - EventDebugger - DEBUG - Processing fill: BUY 100 AAPL @ 150.00
2025-04-25 22:15:21,479 - EventDebugger - DEBUG - Fill has order_id: 5ca87508-e4cb-4026-97ad-224103299649
2025-04-25 22:15:21,479 - EventDebugger - DEBUG - Found matching order by ID: 5ca87508-e4cb-4026-97ad-224103299649
2025-04-25 22:15:21,479 - EventDebugger - DEBUG - EVENT EMITTED: PORTFOLIO at 2025-04-25 22:15:21.479508
2025-04-25 22:15:21,479 - src.core.events.event_bus - DEBUG - Emitting PORTFOLIO event (ID: 92dd8343-45b5-4d3f-b546-50e118ca35b0)
2025-04-25 22:15:21,479 - EventDebugger - INFO - Updated order with fill: Order(7e74bc3b-b3aa-40b1-b7f3-7383e97df8b2, AAPL, BUY, 100, FILLED)
2025-04-25 22:15:21,479 - src.risk.portfolio.portfolio - DEBUG - Fill fd0168aa-3f77-403a-8126-1e732c3b130e already processed by portfolio, skipping
2025-04-25 22:15:21,479 - EventDebugger - DEBUG - Emitted fill event for AAPL
2025-04-25 22:15:21,479 - src.execution.order_manager - DEBUG - Order 5ca87508-e4cb-4026-97ad-224103299649 already being tracked
2025-04-25 22:15:21,479 - src.execution.order_manager - DEBUG - Order 5ca87508-e4cb-4026-97ad-224103299649 already being tracked
2025-04-25 22:15:21,479 - EventDebugger - DEBUG - Executing patched on_order method
2025-04-25 22:15:21,479 - EventDebugger - DEBUG - Executing patched process_order method
2025-04-25 22:15:21,479 - EventDebugger - DEBUG - Processing order with ID: 5ca87508-e4cb-4026-97ad-224103299649
2025-04-25 22:15:21,479 - EventDebugger - DEBUG - Added order_id 5ca87508-e4cb-4026-97ad-224103299649 to fill event
2025-04-25 22:15:21,479 - EventDebugger - INFO - Broker emitted fill event for AAPL
2025-04-25 22:15:21,492 - EventDebugger - DEBUG - EVENT EMITTED: FILL at 2025-04-25 22:15:21.466300
2025-04-25 22:15:21,492 - EventDebugger - DEBUG -   Fill: BUY 100 AAPL @ 150.0
2025-04-25 22:15:21,492 - EventDebugger - DEBUG -   Order ID: 5ca87508-e4cb-4026-97ad-224103299649
2025-04-25 22:15:21,492 - src.core.events.event_bus - DEBUG - Emitting FILL event (ID: 15f9a9ee-9a12-4925-bf51-8536d7c7a7bf)
2025-04-25 22:15:21,492 - EventDebugger - DEBUG - Executing patched on_fill method
2025-04-25 22:15:21,492 - EventDebugger - DEBUG - Processing fill: BUY 100 AAPL @ 150.00
2025-04-25 22:15:21,492 - EventDebugger - DEBUG - Fill has order_id: 5ca87508-e4cb-4026-97ad-224103299649
2025-04-25 22:15:21,492 - EventDebugger - DEBUG - Found matching order by ID: 5ca87508-e4cb-4026-97ad-224103299649
2025-04-25 22:15:21,492 - EventDebugger - DEBUG - EVENT EMITTED: PORTFOLIO at 2025-04-25 22:15:21.492393
2025-04-25 22:15:21,492 - src.core.events.event_bus - DEBUG - Emitting PORTFOLIO event (ID: d7414452-4d3d-43c7-8a3a-bba19c0907e9)
2025-04-25 22:15:21,492 - EventDebugger - INFO - Updated order with fill: Order(7e74bc3b-b3aa-40b1-b7f3-7383e97df8b2, AAPL, BUY, 100, FILLED)
2025-04-25 22:15:21,492 - src.risk.portfolio.portfolio - WARNING - Invalid trade: Insufficient cash: 100.0 < 15000.0, rejecting
2025-04-25 22:15:21,492 - EventDebugger - DEBUG - Executing patched on_fill method
2025-04-25 22:15:21,492 - EventDebugger - DEBUG - Processing fill: BUY 100 AAPL @ 150.00
2025-04-25 22:15:21,492 - EventDebugger - DEBUG - Fill has order_id: 5ca87508-e4cb-4026-97ad-224103299649
2025-04-25 22:15:21,492 - EventDebugger - DEBUG - Found matching order by ID: 5ca87508-e4cb-4026-97ad-224103299649
2025-04-25 22:15:21,492 - EventDebugger - DEBUG - EVENT EMITTED: PORTFOLIO at 2025-04-25 22:15:21.492542
2025-04-25 22:15:21,492 - src.core.events.event_bus - DEBUG - Emitting PORTFOLIO event (ID: edc4c554-8187-4fea-aa9c-bc43ff5d3184)
2025-04-25 22:15:21,492 - EventDebugger - INFO - Updated order with fill: Order(7e74bc3b-b3aa-40b1-b7f3-7383e97df8b2, AAPL, BUY, 100, FILLED)
2025-04-25 22:15:21,492 - src.risk.portfolio.portfolio - DEBUG - Fill 15f9a9ee-9a12-4925-bf51-8536d7c7a7bf already processed by portfolio, skipping
2025-04-25 22:15:21,492 - EventDebugger - DEBUG - Emitted fill event for AAPL
2025-04-25 22:15:21,492 - EventDebugger - INFO - Order event emitted successfully
2025-04-25 22:15:21,997 - EventDebugger - INFO - Test 2: Orphaned fill event
2025-04-25 22:15:21,998 - EventDebugger - INFO - Emitting orphaned fill event...
2025-04-25 22:15:21,998 - EventDebugger - DEBUG - EVENT EMITTED: FILL at 2025-04-25 22:15:21.998083
2025-04-25 22:15:21,998 - EventDebugger - DEBUG -   Fill: BUY 10 TSLA @ 800.0
2025-04-25 22:15:21,998 - EventDebugger - DEBUG -   Order ID: None
2025-04-25 22:15:21,998 - src.core.events.event_bus - DEBUG - Emitting FILL event (ID: a7544ea7-a816-4a3a-a0c0-18814fad688c)
2025-04-25 22:15:21,998 - EventDebugger - DEBUG - Executing patched on_fill method
2025-04-25 22:15:21,998 - EventDebugger - DEBUG - Processing fill: BUY 10 TSLA @ 800.00
2025-04-25 22:15:21,999 - EventDebugger - DEBUG - Fill has order_id: None
2025-04-25 22:15:21,999 - EventDebugger - WARNING - Creating synthetic order for orphaned fill: TSLA BUY
2025-04-25 22:15:21,999 - EventDebugger - INFO - Created order: Order(beb5a83f-f13e-4cd7-8ba5-aa9e9eeb15d1, TSLA, BUY, 10, CREATED)
2025-04-25 22:15:21,999 - EventDebugger - DEBUG - EVENT EMITTED: PORTFOLIO at 2025-04-25 22:15:21.999420
2025-04-25 22:15:21,999 - src.core.events.event_bus - DEBUG - Emitting PORTFOLIO event (ID: 319112c1-c425-4c29-8729-0c06880f1e28)
2025-04-25 22:15:21,999 - EventDebugger - INFO - Updated order with fill: Order(beb5a83f-f13e-4cd7-8ba5-aa9e9eeb15d1, TSLA, BUY, 10, FILLED)
2025-04-25 22:15:21,999 - src.risk.portfolio.portfolio - WARNING - Invalid trade: Insufficient cash: 100.0 < 8000.0, rejecting
2025-04-25 22:15:22,000 - EventDebugger - DEBUG - Executing patched on_fill method
2025-04-25 22:15:22,000 - EventDebugger - DEBUG - Processing fill: BUY 10 TSLA @ 800.00
2025-04-25 22:15:22,000 - EventDebugger - DEBUG - Fill has order_id: None
2025-04-25 22:15:22,000 - EventDebugger - WARNING - Creating synthetic order for orphaned fill: TSLA BUY
2025-04-25 22:15:22,000 - EventDebugger - INFO - Created order: Order(8d7a00e2-4abf-4e8e-82aa-358a1c6b028d, TSLA, BUY, 10, CREATED)
2025-04-25 22:15:22,000 - EventDebugger - DEBUG - EVENT EMITTED: PORTFOLIO at 2025-04-25 22:15:22.000390
2025-04-25 22:15:22,000 - src.core.events.event_bus - DEBUG - Emitting PORTFOLIO event (ID: 5b20c4bc-ed3b-48b2-9263-8628a89bf057)
2025-04-25 22:15:22,000 - EventDebugger - INFO - Updated order with fill: Order(8d7a00e2-4abf-4e8e-82aa-358a1c6b028d, TSLA, BUY, 10, FILLED)
2025-04-25 22:15:22,000 - src.risk.portfolio.portfolio - DEBUG - Fill a7544ea7-a816-4a3a-a0c0-18814fad688c already processed by portfolio, skipping
2025-04-25 22:15:22,000 - EventDebugger - INFO - Fill event emitted successfully
2025-04-25 22:15:22,503 - EventDebugger - INFO - Test 3: Multiple orders for same symbol
2025-04-25 22:15:22,504 - EventDebugger - INFO - Emitting first MSFT order with ID: 398074da-2f30-4faa-82c4-50103b8b4e0a
2025-04-25 22:15:22,504 - EventDebugger - DEBUG - EVENT EMITTED: ORDER at 2025-04-25 22:15:22.504127
2025-04-25 22:15:22,504 - EventDebugger - DEBUG -   Order: BUY 50 MSFT @ 300.0
2025-04-25 22:15:22,504 - EventDebugger - DEBUG -   Order ID: 398074da-2f30-4faa-82c4-50103b8b4e0a
2025-04-25 22:15:22,505 - src.core.events.event_bus - DEBUG - Emitting ORDER event (ID: 59ebe456-98de-48b2-b1b3-dc74d712d717)
2025-04-25 22:15:22,505 - EventDebugger - DEBUG - Executing patched on_order method
2025-04-25 22:15:22,505 - EventDebugger - DEBUG - Executing patched process_order method
2025-04-25 22:15:22,505 - EventDebugger - DEBUG - Processing order with ID: 398074da-2f30-4faa-82c4-50103b8b4e0a
2025-04-25 22:15:22,505 - EventDebugger - DEBUG - Added order_id 398074da-2f30-4faa-82c4-50103b8b4e0a to fill event
2025-04-25 22:15:22,505 - EventDebugger - INFO - Broker emitted fill event for MSFT
2025-04-25 22:15:22,517 - EventDebugger - DEBUG - EVENT EMITTED: FILL at 2025-04-25 22:15:22.504127
2025-04-25 22:15:22,520 - EventDebugger - DEBUG -   Fill: BUY 50 MSFT @ 300.0
2025-04-25 22:15:22,521 - EventDebugger - DEBUG -   Order ID: 398074da-2f30-4faa-82c4-50103b8b4e0a
2025-04-25 22:15:22,529 - src.core.events.event_bus - DEBUG - Emitting FILL event (ID: dcdaf254-e2c5-44ef-ae30-316015e6e746)
2025-04-25 22:15:22,529 - EventDebugger - DEBUG - Executing patched on_fill method
2025-04-25 22:15:22,529 - EventDebugger - DEBUG - Processing fill: BUY 50 MSFT @ 300.00
2025-04-25 22:15:22,529 - EventDebugger - DEBUG - Fill has order_id: 398074da-2f30-4faa-82c4-50103b8b4e0a
2025-04-25 22:15:22,529 - EventDebugger - WARNING - Creating synthetic order for orphaned fill: MSFT BUY
2025-04-25 22:15:22,531 - EventDebugger - INFO - Created order: Order(f69a3dc6-0735-4225-8c95-9753136d0ae3, MSFT, BUY, 50, CREATED)
2025-04-25 22:15:22,531 - EventDebugger - DEBUG - EVENT EMITTED: PORTFOLIO at 2025-04-25 22:15:22.531513
2025-04-25 22:15:22,531 - src.core.events.event_bus - DEBUG - Emitting PORTFOLIO event (ID: b0da1c91-8f88-4075-9997-ba55df0e7005)
2025-04-25 22:15:22,531 - EventDebugger - INFO - Updated order with fill: Order(f69a3dc6-0735-4225-8c95-9753136d0ae3, MSFT, BUY, 50, FILLED)
2025-04-25 22:15:22,531 - src.risk.portfolio.portfolio - WARNING - Invalid trade: Insufficient cash: 100.0 < 15000.0, rejecting
2025-04-25 22:15:22,531 - EventDebugger - DEBUG - Executing patched on_fill method
2025-04-25 22:15:22,534 - EventDebugger - DEBUG - Processing fill: BUY 50 MSFT @ 300.00
2025-04-25 22:15:22,535 - EventDebugger - DEBUG - Fill has order_id: 398074da-2f30-4faa-82c4-50103b8b4e0a
2025-04-25 22:15:22,535 - EventDebugger - DEBUG - Found matching order by ID: 398074da-2f30-4faa-82c4-50103b8b4e0a
2025-04-25 22:15:22,535 - EventDebugger - DEBUG - EVENT EMITTED: PORTFOLIO at 2025-04-25 22:15:22.535849
2025-04-25 22:15:22,535 - src.core.events.event_bus - DEBUG - Emitting PORTFOLIO event (ID: fa4ac490-ddd2-4bac-9c3b-3afb14b2d93d)
2025-04-25 22:15:22,536 - EventDebugger - INFO - Updated order with fill: Order(f69a3dc6-0735-4225-8c95-9753136d0ae3, MSFT, BUY, 50, FILLED)
2025-04-25 22:15:22,536 - src.risk.portfolio.portfolio - DEBUG - Fill dcdaf254-e2c5-44ef-ae30-316015e6e746 already processed by portfolio, skipping
2025-04-25 22:15:22,536 - EventDebugger - DEBUG - Emitted fill event for MSFT
2025-04-25 22:15:22,536 - src.execution.order_manager - DEBUG - Order 398074da-2f30-4faa-82c4-50103b8b4e0a already being tracked
2025-04-25 22:15:22,536 - src.execution.order_manager - DEBUG - Order 398074da-2f30-4faa-82c4-50103b8b4e0a already being tracked
2025-04-25 22:15:22,536 - EventDebugger - DEBUG - Executing patched on_order method
2025-04-25 22:15:22,536 - EventDebugger - DEBUG - Executing patched process_order method
2025-04-25 22:15:22,536 - EventDebugger - DEBUG - Processing order with ID: 398074da-2f30-4faa-82c4-50103b8b4e0a
2025-04-25 22:15:22,536 - EventDebugger - DEBUG - Added order_id 398074da-2f30-4faa-82c4-50103b8b4e0a to fill event
2025-04-25 22:15:22,536 - EventDebugger - INFO - Broker emitted fill event for MSFT
2025-04-25 22:15:22,548 - EventDebugger - DEBUG - EVENT EMITTED: FILL at 2025-04-25 22:15:22.504127
2025-04-25 22:15:22,548 - EventDebugger - DEBUG -   Fill: BUY 50 MSFT @ 300.0
2025-04-25 22:15:22,548 - EventDebugger - DEBUG -   Order ID: 398074da-2f30-4faa-82c4-50103b8b4e0a
2025-04-25 22:15:22,548 - src.core.events.event_bus - DEBUG - Emitting FILL event (ID: 3a5e8372-2a33-43a4-945e-895eef44a2a3)
2025-04-25 22:15:22,548 - EventDebugger - DEBUG - Executing patched on_fill method
2025-04-25 22:15:22,548 - EventDebugger - DEBUG - Processing fill: BUY 50 MSFT @ 300.00
2025-04-25 22:15:22,548 - EventDebugger - DEBUG - Fill has order_id: 398074da-2f30-4faa-82c4-50103b8b4e0a
2025-04-25 22:15:22,548 - EventDebugger - DEBUG - Found matching order by ID: 398074da-2f30-4faa-82c4-50103b8b4e0a
2025-04-25 22:15:22,548 - EventDebugger - DEBUG - EVENT EMITTED: PORTFOLIO at 2025-04-25 22:15:22.548873
2025-04-25 22:15:22,548 - src.core.events.event_bus - DEBUG - Emitting PORTFOLIO event (ID: 56e9f814-f9c1-454e-83b9-14882bd87124)
2025-04-25 22:15:22,549 - EventDebugger - INFO - Updated order with fill: Order(f69a3dc6-0735-4225-8c95-9753136d0ae3, MSFT, BUY, 50, FILLED)
2025-04-25 22:15:22,549 - src.risk.portfolio.portfolio - WARNING - Invalid trade: Insufficient cash: 100.0 < 15000.0, rejecting
2025-04-25 22:15:22,549 - EventDebugger - DEBUG - Executing patched on_fill method
2025-04-25 22:15:22,549 - EventDebugger - DEBUG - Processing fill: BUY 50 MSFT @ 300.00
2025-04-25 22:15:22,549 - EventDebugger - DEBUG - Fill has order_id: 398074da-2f30-4faa-82c4-50103b8b4e0a
2025-04-25 22:15:22,549 - EventDebugger - DEBUG - Found matching order by ID: 398074da-2f30-4faa-82c4-50103b8b4e0a
2025-04-25 22:15:22,549 - EventDebugger - DEBUG - EVENT EMITTED: PORTFOLIO at 2025-04-25 22:15:22.549429
2025-04-25 22:15:22,549 - src.core.events.event_bus - DEBUG - Emitting PORTFOLIO event (ID: aef28f26-68b3-4bad-b8c0-12981729b4e0)
2025-04-25 22:15:22,549 - EventDebugger - INFO - Updated order with fill: Order(f69a3dc6-0735-4225-8c95-9753136d0ae3, MSFT, BUY, 50, FILLED)
2025-04-25 22:15:22,549 - src.risk.portfolio.portfolio - DEBUG - Fill 3a5e8372-2a33-43a4-945e-895eef44a2a3 already processed by portfolio, skipping
2025-04-25 22:15:22,549 - EventDebugger - DEBUG - Emitted fill event for MSFT
2025-04-25 22:15:22,549 - EventDebugger - INFO - Emitting second MSFT order with ID: cbebe4d5-fcbf-45eb-82a0-91bbf42c8336
2025-04-25 22:15:22,549 - EventDebugger - DEBUG - EVENT EMITTED: ORDER at 2025-04-25 22:15:22.504172
2025-04-25 22:15:22,549 - EventDebugger - DEBUG -   Order: BUY 25 MSFT @ 305.0
2025-04-25 22:15:22,550 - EventDebugger - DEBUG -   Order ID: cbebe4d5-fcbf-45eb-82a0-91bbf42c8336
2025-04-25 22:15:22,550 - src.core.events.event_bus - DEBUG - Emitting ORDER event (ID: 14987836-c0b7-49f1-a979-74af08543a5f)
2025-04-25 22:15:22,550 - EventDebugger - DEBUG - Executing patched on_order method
2025-04-25 22:15:22,550 - EventDebugger - DEBUG - Executing patched process_order method
2025-04-25 22:15:22,550 - EventDebugger - DEBUG - Processing order with ID: cbebe4d5-fcbf-45eb-82a0-91bbf42c8336
2025-04-25 22:15:22,550 - EventDebugger - DEBUG - Added order_id cbebe4d5-fcbf-45eb-82a0-91bbf42c8336 to fill event
2025-04-25 22:15:22,550 - EventDebugger - INFO - Broker emitted fill event for MSFT
2025-04-25 22:15:22,563 - EventDebugger - DEBUG - EVENT EMITTED: FILL at 2025-04-25 22:15:22.504172
2025-04-25 22:15:22,563 - EventDebugger - DEBUG -   Fill: BUY 25 MSFT @ 305.0
2025-04-25 22:15:22,563 - EventDebugger - DEBUG -   Order ID: cbebe4d5-fcbf-45eb-82a0-91bbf42c8336
2025-04-25 22:15:22,563 - src.core.events.event_bus - DEBUG - Emitting FILL event (ID: 1fdb9388-7c42-4930-86a0-a1f40b0e8862)
2025-04-25 22:15:22,563 - EventDebugger - DEBUG - Executing patched on_fill method
2025-04-25 22:15:22,563 - EventDebugger - DEBUG - Processing fill: BUY 25 MSFT @ 305.00
2025-04-25 22:15:22,563 - EventDebugger - DEBUG - Fill has order_id: cbebe4d5-fcbf-45eb-82a0-91bbf42c8336
2025-04-25 22:15:22,564 - EventDebugger - WARNING - Creating synthetic order for orphaned fill: MSFT BUY
2025-04-25 22:15:22,564 - EventDebugger - INFO - Created order: Order(610a321a-3a70-46c7-ba27-95147eba6e13, MSFT, BUY, 25, CREATED)
2025-04-25 22:15:22,564 - EventDebugger - DEBUG - EVENT EMITTED: PORTFOLIO at 2025-04-25 22:15:22.564252
2025-04-25 22:15:22,564 - src.core.events.event_bus - DEBUG - Emitting PORTFOLIO event (ID: 23601189-46de-493b-bb43-aa5b5fd56ddd)
2025-04-25 22:15:22,564 - EventDebugger - INFO - Updated order with fill: Order(610a321a-3a70-46c7-ba27-95147eba6e13, MSFT, BUY, 25, FILLED)
2025-04-25 22:15:22,564 - src.risk.portfolio.portfolio - WARNING - Invalid trade: Insufficient cash: 100.0 < 7625.0, rejecting
2025-04-25 22:15:22,564 - EventDebugger - DEBUG - Executing patched on_fill method
2025-04-25 22:15:22,564 - EventDebugger - DEBUG - Processing fill: BUY 25 MSFT @ 305.00
2025-04-25 22:15:22,564 - EventDebugger - DEBUG - Fill has order_id: cbebe4d5-fcbf-45eb-82a0-91bbf42c8336
2025-04-25 22:15:22,564 - EventDebugger - DEBUG - Found matching order by ID: cbebe4d5-fcbf-45eb-82a0-91bbf42c8336
2025-04-25 22:15:22,564 - EventDebugger - DEBUG - EVENT EMITTED: PORTFOLIO at 2025-04-25 22:15:22.564908
2025-04-25 22:15:22,565 - src.core.events.event_bus - DEBUG - Emitting PORTFOLIO event (ID: 13f7acc8-9c72-4069-8123-5e37b01af201)
2025-04-25 22:15:22,565 - EventDebugger - INFO - Updated order with fill: Order(610a321a-3a70-46c7-ba27-95147eba6e13, MSFT, BUY, 25, FILLED)
2025-04-25 22:15:22,565 - src.risk.portfolio.portfolio - DEBUG - Fill 1fdb9388-7c42-4930-86a0-a1f40b0e8862 already processed by portfolio, skipping
2025-04-25 22:15:22,565 - EventDebugger - DEBUG - Emitted fill event for MSFT
2025-04-25 22:15:22,565 - src.execution.order_manager - DEBUG - Order cbebe4d5-fcbf-45eb-82a0-91bbf42c8336 already being tracked
2025-04-25 22:15:22,565 - src.execution.order_manager - DEBUG - Order cbebe4d5-fcbf-45eb-82a0-91bbf42c8336 already being tracked
2025-04-25 22:15:22,565 - EventDebugger - DEBUG - Executing patched on_order method
2025-04-25 22:15:22,565 - EventDebugger - DEBUG - Executing patched process_order method
2025-04-25 22:15:22,565 - EventDebugger - DEBUG - Processing order with ID: cbebe4d5-fcbf-45eb-82a0-91bbf42c8336
2025-04-25 22:15:22,565 - EventDebugger - DEBUG - Added order_id cbebe4d5-fcbf-45eb-82a0-91bbf42c8336 to fill event
2025-04-25 22:15:22,565 - EventDebugger - INFO - Broker emitted fill event for MSFT
2025-04-25 22:15:22,578 - EventDebugger - DEBUG - EVENT EMITTED: FILL at 2025-04-25 22:15:22.504172
2025-04-25 22:15:22,578 - EventDebugger - DEBUG -   Fill: BUY 25 MSFT @ 305.0
2025-04-25 22:15:22,578 - EventDebugger - DEBUG -   Order ID: cbebe4d5-fcbf-45eb-82a0-91bbf42c8336
2025-04-25 22:15:22,578 - src.core.events.event_bus - DEBUG - Emitting FILL event (ID: 450c670d-05c0-4941-bad2-80706fbdcf43)
2025-04-25 22:15:22,578 - EventDebugger - DEBUG - Executing patched on_fill method
2025-04-25 22:15:22,579 - EventDebugger - DEBUG - Processing fill: BUY 25 MSFT @ 305.00
2025-04-25 22:15:22,579 - EventDebugger - DEBUG - Fill has order_id: cbebe4d5-fcbf-45eb-82a0-91bbf42c8336
2025-04-25 22:15:22,579 - EventDebugger - DEBUG - Found matching order by ID: cbebe4d5-fcbf-45eb-82a0-91bbf42c8336
2025-04-25 22:15:22,579 - EventDebugger - DEBUG - EVENT EMITTED: PORTFOLIO at 2025-04-25 22:15:22.579335
2025-04-25 22:15:22,579 - src.core.events.event_bus - DEBUG - Emitting PORTFOLIO event (ID: 6a22fb7b-807c-4e4b-b10b-e4cd6a1336da)
2025-04-25 22:15:22,579 - EventDebugger - INFO - Updated order with fill: Order(610a321a-3a70-46c7-ba27-95147eba6e13, MSFT, BUY, 25, FILLED)
2025-04-25 22:15:22,579 - src.risk.portfolio.portfolio - WARNING - Invalid trade: Insufficient cash: 100.0 < 7625.0, rejecting
2025-04-25 22:15:22,579 - EventDebugger - DEBUG - Executing patched on_fill method
2025-04-25 22:15:22,579 - EventDebugger - DEBUG - Processing fill: BUY 25 MSFT @ 305.00
2025-04-25 22:15:22,580 - EventDebugger - DEBUG - Fill has order_id: cbebe4d5-fcbf-45eb-82a0-91bbf42c8336
2025-04-25 22:15:22,580 - EventDebugger - DEBUG - Found matching order by ID: cbebe4d5-fcbf-45eb-82a0-91bbf42c8336
2025-04-25 22:15:22,580 - EventDebugger - DEBUG - EVENT EMITTED: PORTFOLIO at 2025-04-25 22:15:22.580211
2025-04-25 22:15:22,580 - src.core.events.event_bus - DEBUG - Emitting PORTFOLIO event (ID: 1e7d2dba-8dce-4276-a204-ea15ce5e92d8)
2025-04-25 22:15:22,580 - EventDebugger - INFO - Updated order with fill: Order(610a321a-3a70-46c7-ba27-95147eba6e13, MSFT, BUY, 25, FILLED)
2025-04-25 22:15:22,580 - src.risk.portfolio.portfolio - DEBUG - Fill 450c670d-05c0-4941-bad2-80706fbdcf43 already processed by portfolio, skipping
2025-04-25 22:15:22,580 - EventDebugger - DEBUG - Emitted fill event for MSFT
2025-04-25 22:15:23,083 - EventDebugger - INFO - === Event Summary ===
2025-04-25 22:15:23,084 - EventDebugger - INFO - ORDER: 3 events
2025-04-25 22:15:23,084 - EventDebugger - INFO - FILL: 7 events
2025-04-25 22:15:23,084 - EventDebugger - INFO - PORTFOLIO: 15 events
2025-04-25 22:15:23,084 - EventDebugger - INFO - === OrderManager State ===
2025-04-25 22:15:23,084 - EventDebugger - INFO - Total orders: 5
2025-04-25 22:15:23,084 - EventDebugger - INFO - Active orders: 0
2025-04-25 22:15:23,085 - EventDebugger - INFO - OrderStatus values: ['CREATED', 'PENDING', 'PARTIAL', 'FILLED', 'CANCELED', 'REJECTED', 'EXPIRED']
2025-04-25 22:15:23,085 - EventDebugger - DEBUG - === Inspecting OrderManager ===
2025-04-25 22:15:23,085 - EventDebugger - DEBUG - Attributes:
2025-04-25 22:15:23,085 - EventDebugger - DEBUG -   active_orders: set()
2025-04-25 22:15:23,085 - EventDebugger - DEBUG -   broker: <src.execution.broker.broker_simulator.SimulatedBroker object at 0x1060e5be0>
2025-04-25 22:15:23,085 - EventDebugger - DEBUG -   configured: False
2025-04-25 22:15:23,085 - EventDebugger - DEBUG -   event_bus: <src.core.events.event_bus.EventBus object at 0x1060e5fd0>
2025-04-25 22:15:23,085 - EventDebugger - DEBUG -   event_tracker: <src.core.events.event_utils.EventTracker object at 0x1060e6270>
2025-04-25 22:15:23,086 - EventDebugger - DEBUG -   order_history: [<src.execution.order_manager.Order object at 0x1060e70e0>, <src.execution.order_manager.Order object at 0x1060e70e0>, <src.execution.order_manager.Order object at 0x1060e70e0>, <src.execution.order_manager.Order object at 0x1060e70e0>, <src.execution.order_manager.Order object at 0x1064f9f90>, <src.execution.order_manager.Order object at 0x1064fa0d0>, <src.execution.order_manager.Order object at 0x1031550f0>, <src.execution.order_manager.Order object at 0x1031550f0>, <src.execution.order_manager.Order object at 0x1031550f0>, <src.execution.order_manager.Order object at 0x1031550f0>, <src.execution.order_manager.Order object at 0x10651c770>, <src.execution.order_manager.Order object at 0x10651c770>, <src.execution.order_manager.Order object at 0x10651c770>, <src.execution.order_manager.Order object at 0x10651c770>]
2025-04-25 22:15:23,086 - EventDebugger - DEBUG -   orders: {'5ca87508-e4cb-4026-97ad-224103299649': <src.execution.order_manager.Order object at 0x1060e70e0>, 'e5dedb61-4c11-4884-9440-6c1030d1811c': <src.execution.order_manager.Order object at 0x1064f9f90>, '5475e7bf-edf6-458b-82b5-4d095bd45ba9': <src.execution.order_manager.Order object at 0x1064fa0d0>, '398074da-2f30-4faa-82c4-50103b8b4e0a': <src.execution.order_manager.Order object at 0x1031550f0>, 'cbebe4d5-fcbf-45eb-82a0-91bbf42c8336': <src.execution.order_manager.Order object at 0x10651c770>}
2025-04-25 22:15:23,086 - EventDebugger - DEBUG -   processed_fill_ids: set()
2025-04-25 22:15:23,086 - EventDebugger - DEBUG -   stats: {'orders_created': 5, 'orders_filled': 14, 'orders_canceled': 0, 'orders_rejected': 0, 'orders_expired': 0, 'errors': 0}
2025-04-25 22:15:23,086 - EventDebugger - DEBUG - Methods:
2025-04-25 22:15:23,086 - EventDebugger - DEBUG -   cancel_all_orders()
2025-04-25 22:15:23,086 - EventDebugger - DEBUG -   cancel_order()
2025-04-25 22:15:23,086 - EventDebugger - DEBUG -   configure()
2025-04-25 22:15:23,087 - EventDebugger - DEBUG -   create_order()
2025-04-25 22:15:23,087 - EventDebugger - DEBUG -   get_active_orders()
2025-04-25 22:15:23,087 - EventDebugger - DEBUG -   get_order()
2025-04-25 22:15:23,087 - EventDebugger - DEBUG -   get_order_history()
2025-04-25 22:15:23,087 - EventDebugger - DEBUG -   get_stats()
2025-04-25 22:15:23,087 - EventDebugger - DEBUG -   on_fill()
2025-04-25 22:15:23,087 - EventDebugger - DEBUG -   on_order()
2025-04-25 22:15:23,087 - EventDebugger - DEBUG -   reset()
2025-04-25 22:15:23,087 - EventDebugger - DEBUG -   set_broker()
2025-04-25 22:15:23,087 - EventDebugger - DEBUG -   set_event_bus()
2025-04-25 22:15:23,087 - EventDebugger - DEBUG - === Inspecting SimulatedBroker ===
2025-04-25 22:15:23,087 - EventDebugger - DEBUG - Attributes:
2025-04-25 22:15:23,087 - EventDebugger - DEBUG -   commission: 0.0
2025-04-25 22:15:23,087 - EventDebugger - DEBUG -   event_bus: <src.core.events.event_bus.EventBus object at 0x1060e5fd0>
2025-04-25 22:15:23,087 - EventDebugger - DEBUG -   initialized: False
2025-04-25 22:15:23,087 - EventDebugger - DEBUG -   name: simulated_broker
2025-04-25 22:15:23,088 - EventDebugger - DEBUG -   pending_orders: {}
2025-04-25 22:15:23,088 - EventDebugger - DEBUG -   processed_order_ids: set()
2025-04-25 22:15:23,088 - EventDebugger - DEBUG -   slippage: 0.0
2025-04-25 22:15:23,088 - EventDebugger - DEBUG -   stats: {'orders_processed': 6, 'fills_generated': 6, 'errors': 0}
2025-04-25 22:15:23,088 - EventDebugger - DEBUG - Methods:
2025-04-25 22:15:23,088 - EventDebugger - DEBUG -   configure()
2025-04-25 22:15:23,088 - EventDebugger - DEBUG -   get_account_info()
2025-04-25 22:15:23,088 - EventDebugger - DEBUG -   get_stats()
2025-04-25 22:15:23,088 - EventDebugger - DEBUG -   on_order()
2025-04-25 22:15:23,088 - EventDebugger - DEBUG -   process_order()
2025-04-25 22:15:23,088 - EventDebugger - DEBUG -   reset()
2025-04-25 22:15:23,088 - EventDebugger - DEBUG -   reset_stats()
2025-04-25 22:15:23,088 - EventDebugger - DEBUG -   set_event_bus()
2025-04-25 22:15:23,088 - EventDebugger - INFO - Test completed
2025-04-25 22:15:23,088 - src.core.events.event_bus - DEBUG - Handler for FILL garbage collected, cleaning up
2025-04-25 22:15:23,088 - src.core.events.event_bus - DEBUG - Handler for ORDER garbage collected, cleaning up
2025-04-25 22:15:23,088 - src.core.events.event_bus - DEBUG - Handler for FILL garbage collected, cleaning up
2025-04-25 22:15:23,088 - src.core.events.event_bus - DEBUG - Handler for ORDER garbage collected, cleaning up
2025-04-25 22:15:23,089 - src.core.events.event_bus - DEBUG - Handler for ORDER garbage collected, cleaning up
2025-04-25 22:15:23,089 - src.core.events.event_bus - DEBUG - Handler for ORDER garbage collected, cleaning up
2025-04-25 22:15:23,089 - src.core.events.event_bus - DEBUG - Handler for FILL garbage collected, cleaning up
2025-04-25 22:15:23,089 - src.core.events.event_bus - DEBUG - Handler for BAR garbage collected, cleaning up
2025-04-25 22:15:23,089 - src.core.events.event_bus - DEBUG - Handler for FILL garbage collected, cleaning up
2025-04-25 22:15:23,089 - EventDebugger - INFO - Event debugging completed!
2025-04-25 22:15:23,089 - EventDebugger - INFO - Total events logged: 25
2025-04-25 22:15:23,091 - EventDebugger - INFO - Event log saved to event_log.json
