2025-05-08 15:09:30,628 - run_all - INFO - Running all fixes and then optimization...
2025-05-08 15:09:30,628 - run_all - INFO - Step 1: Fixing import paths...
2025-05-08 15:09:30,629 - run_all - INFO - Running: ['/Users/daws/mmbt/venv/bin/python3', 'fix_import_paths.py'] - Fixing import paths
2025-05-08 15:09:30,663 - run_all - INFO - Command completed with return code 0
2025-05-08 15:09:30,663 - run_all - INFO - Output: 
2025-05-08 15:09:30,663 - run_all - INFO - Import paths fixed successfully
2025-05-08 15:09:30,663 - run_all - INFO - Step 2: Fixing risk manager...
2025-05-08 15:09:30,663 - run_all - INFO - Running: ['/Users/daws/mmbt/venv/bin/python3', 'fix_risk_manager.py'] - Fixing risk manager
2025-05-08 15:09:30,765 - run_all - INFO - Command completed with return code 0
2025-05-08 15:09:30,766 - run_all - INFO - Output: 
2025-05-08 15:09:30,766 - run_all - INFO - Risk manager fixed successfully
2025-05-08 15:09:30,766 - run_all - INFO - Step 3: Applying additional fixes...
2025-05-08 15:09:30,766 - run_all - INFO - Checking position manager: src/risk/position_manager.py
2025-05-08 15:09:30,766 - run_all - INFO - Position manager already has order generation
2025-05-08 15:09:30,766 - run_all - INFO - Checking backtest coordinator: src/execution/backtest/backtest_coordinator.py
2025-05-08 15:09:30,766 - run_all - INFO - Adding event bus debug to backtest coordinator
2025-05-08 15:09:30,767 - run_all - INFO - Added event bus debug to backtest coordinator
2025-05-08 15:09:30,767 - run_all - INFO - Creating super-charged config: config/ma_crossover_optimization_fixed.yaml
2025-05-08 15:09:30,767 - run_all - INFO - Created super-charged config
2025-05-08 15:09:30,767 - run_all - INFO - Waiting for 1 second before running optimization...
2025-05-08 15:09:31,773 - run_all - INFO - Step 4: Running optimization...
2025-05-08 15:09:31,773 - run_all - INFO - Running: ['/Users/daws/mmbt/venv/bin/python3', 'main.py', 'optimize', '--config', 'config/ma_crossover_optimization_fixed.yaml', '--verbose'] - Running optimization
2025-05-08 15:09:33,179 - run_all - INFO - Command completed with return code 0
2025-05-08 15:09:33,180 - run_all - INFO - Output: Parameters: fast_window=5, slow_window=20 | Train Score: 0.0000, Return: 0.00%, Sharpe: 0.00 | Test Score: 0.0000, Return: 0.00%, Sharpe: 0.00
Parameters: fast_window=5, slow_window=30 | Train Score: 0.0000, Return: 0.00%, Sharpe: 0.00 | Test Score: 0.0000, Return: 0.00%, Sharpe: 0.00
Parameters: fast_window=10, slow_window=20 | Train Score: 0.0000, Return: 0.00%, Sharpe: 0.00 | Test Score: 0.0000, Return: 0.00%, Sharpe: 0.00
Parameters: fast_window=10, slow_window=30 | Train Score: 0.0000, Retu
2025-05-08 15:09:33,180 - run_all - INFO - Optimization completed successfully
2025-05-08 15:09:33,180 - run_all - INFO - All fixes and optimization completed
2025-05-08 15:09:33,180 - run_all - INFO - 
DEBUG INSTRUCTIONS:
2025-05-08 15:09:33,180 - run_all - INFO - 1. Check 'fix_and_optimize.log' for detailed log messages
2025-05-08 15:09:33,180 - run_all - INFO - 2. Check 'optimization_results/' directory for optimization results
2025-05-08 15:09:33,180 - run_all - INFO - 3. If still no trades, run: python main.py optimize --config config/ma_crossover_optimization_fixed.yaml --verbose
