2025-05-08 15:15:12,442 - fixed_opt - INFO - Running optimization after fixing indentation error...
2025-05-08 15:15:12,442 - fixed_opt - INFO - Method 1: Running as subprocess
2025-05-08 15:15:12,442 - fixed_opt - INFO - Running optimization as subprocess...
2025-05-08 15:15:12,442 - fixed_opt - INFO - Created fixed optimization config at config/ma_crossover_optimization_fixed.yaml
2025-05-08 15:15:13,064 - fixed_opt - ERROR - Command failed with return code 1
2025-05-08 15:15:13,065 - fixed_opt - ERROR - Error: 2025-05-08 15:15:12,484 - __main__ - DEBUG - Ensured directory exists: ./data
2025-05-08 15:15:12,485 - __main__ - DEBUG - Ensured directory exists: ./results
2025-05-08 15:15:12,485 - __main__ - DEBUG - Ensured directory exists: ./logs
2025-05-08 15:15:12,485 - __main__ - DEBUG - Ensured directory exists: ./config
2025-05-08 15:15:12,485 - __main__ - DEBUG - Ensured directory exists: ./optimization_results
2025-05-08 15:15:12,876 - matplotlib - DEBUG - matplotlib data path: /Users/daws/mmbt/venv/lib/python3.13/site-packages/matplotlib/mpl-data
2025-05-08 15:15:12,879 - matplotlib - DEBUG - CONFIGDIR=/Users/daws/.matplotlib
2025-05-08 15:15:12,880 - matplotlib - DEBUG - interactive is False
2025-05-08 15:15:12,880 - matplotlib - DEBUG - platform is darwin
2025-05-08 15:15:12,908 - matplotlib - DEBUG - CACHEDIR=/Users/daws/.matplotlib
2025-05-08 15:15:12,910 - matplotlib.font_manager - DEBUG - Using fontManager instance from /Users/daws/.matplotlib/fontlist-v390.json
2025-05-08 15:15:13,006 - __main__ - INFO - Loading optimization configuration from config/ma_crossover_optimization_fixed.yaml
2025-05-08 15:15:13,009 - src.strategy.strategy_factory - INFO - Discovered strategy: simple_ma_crossover from ma_crossover_strategy.SimpleMACrossoverStrategy
2025-05-08 15:15:13,009 - src.strategy.strategy_factory - INFO - Discovered strategy: regime_ensemble from regime_ensemble_strategy.RegimeEnsembleStrategy
2025-05-08 15:15:13,009 - src.strategy.strategy_factory - INFO - Discovered strategy: composite_regime from composite_regime_strategy.CompositeRegimeStrategy
2025-05-08 15:15:13,009 - src.strategy.strategy_factory - INFO - Discovered strategy: simple_ma_crossover from simple_ma_crossover.SimpleMACrossoverStrategy
2025-05-08 15:15:13,009 - src.strategy.strategy_factory - INFO - Discovered strategy: ensemble from ensemble_strategy.EnsembleStrategy
2025-05-08 15:15:13,010 - src.strategy.strategy_factory - INFO - Discovered strategy: ma_crossover from ma_crossover.MACrossoverStrategy
2025-05-08 15:15:13,010 - src.strategy.strategy_factory - INFO - Discovered strategy: mean_reversion from mean_reversion.MeanReversionStrategy
2025-05-08 15:15:13,010 - src.strategy.strategy_factory - INFO - Discovered strategy: ma_crossover from backup.ma_crossover.MACrossoverStrategy
2025-05-08 15:15:13,011 - src.strategy.strategy_factory - INFO - Discovered strategy: ma_crossover from backup.ma_crossover_fixed.MACrossoverStrategy
2025-05-08 15:15:13,011 - src.strategy.strategy_factory - INFO - Discovered strategy: simple_ma_crossover from ma_crossover_strategy.SimpleMACrossoverStrategy
2025-05-08 15:15:13,011 - src.strategy.strategy_factory - INFO - Discovered strategy: regime_ensemble from regime_ensemble_strategy.RegimeEnsembleStrategy
2025-05-08 15:15:13,011 - src.strategy.strategy_factory - INFO - Discovered strategy: composite_regime from composite_regime_strategy.CompositeRegimeStrategy
2025-05-08 15:15:13,011 - src.strategy.strategy_factory - INFO - Discovered strategy: simple_ma_crossover from simple_ma_crossover.SimpleMACrossoverStrategy
2025-05-08 15:15:13,011 - src.strategy.strategy_factory - INFO - Discovered strategy: ensemble from ensemble_strategy.EnsembleStrategy
2025-05-08 15:15:13,011 - src.strategy.strategy_factory - INFO - Discovered strategy: ma_crossover from ma_crossover.MACrossoverStrategy
2025-05-08 15:15:13,011 - src.strategy.strategy_factory - INFO - Discovered strategy: mean_reversion from mean_reversion.MeanReversionStrategy
2025-05-08 15:15:13,011 - src.strategy.strategy_factory - INFO - Discovered strategy: ma_crossover from backup.ma_crossover.MACrossoverStrategy
2025-05-08 15:15:13,011 - src.strategy.strategy_factory - INFO - Discovered strategy: ma_crossover from backup.ma_crossover_fixed.MACrossoverStrategy
2025-05-08 15:15:13,011 - __main__ - INFO - Starting optimization for strategy: ma_crossover
2025-05-08 15:15:13,011 - src.strategy.optimization.optimizer - INFO - Starting optimization for strategy: ma_crossover
2025-05-08 15:15:13,011 - src.strategy.optimization.optimizer - INFO - Parameter space: <src.strategy.optimization.parameter_space.ParameterSpace object at 0x109df6a50>
2025-05-08 15:15:13,011 - src.strategy.optimization.optimizer - INFO - Using grid search optimization
2025-05-08 15:15:13,011 - src.core.events.event_adapter - INFO - Added get_data method to Event class
2025-05-08 15:15:13,011 - src.core.events.event_adapter - INFO - Added get_symbol method to Event class
2025-05-08 15:15:13,011 - src.core.events.event_adapter - INFO - Added get_close method to Event class
2025-05-08 15:15:13,011 - src.core.events.event_bus - INFO - EventBus initialized with deduplication_strategy=full, enable_metrics=False, enable_replay=False
2025-05-08 15:15:13,015 - __main__ - ERROR - Error during optimization: expected ':' (historical_data_handler.py, line 470)
2025-05-08 15:15:13,017 - __main__ - ERROR - Traceback (most recent call last):
  File "/Users/daws/ADMF-trader/main.py", line 92, in run_optimization
    results = optimizer.optimize()
  File "/Users/daws/ADMF-trader/src/strategy/optimization/optimizer.py", line 259, in optimize
    results = optimizer.optimize(
        self.config['strategy']['name'],
        self.objective_function,
        train_test_config
    )
  File "/Users/daws/ADMF-trader/src/execution/backtest/optimizing_backtest.py", line 95, in optimize
    train_result = self._run_backtest_with_params(
        strategy_name,
    ...<2 lines>...
        train_test_config
    )
  File "/Users/daws/ADMF-trader/src/execution/backtest/optimizing_backtest.py", line 225, in _run_backtest_with_params
    data_handler_class = self._get_data_handler_class()
  File "/Users/daws/ADMF-trader/src/execution/backtest/optimizing_backtest.py", line 416, in _get_data_handler_class
    from src.data.historical_data_handler import HistoricalDataHandler
  File "/Users/daws/ADMF-trader/src/data/__init__.py", line 14, in <module>
    from .historical_data_handler import HistoricalDataHandler
  File "/Users/daws/ADMF-trader/src/data/historical_data_handler.py", line 470
    def get_current_symbol(self)
                                ^
SyntaxError: expected ':'


2025-05-08 15:15:13,065 - fixed_opt - WARNING - Subprocess method failed, trying direct method
2025-05-08 15:15:13,065 - fixed_opt - INFO - Method 2: Running directly
2025-05-08 15:15:13,065 - fixed_opt - INFO - Running optimization directly...
2025-05-08 15:15:13,242 - matplotlib - DEBUG - matplotlib data path: /Users/daws/mmbt/venv/lib/python3.13/site-packages/matplotlib/mpl-data
2025-05-08 15:15:13,244 - matplotlib - DEBUG - CONFIGDIR=/Users/daws/.matplotlib
2025-05-08 15:15:13,244 - matplotlib - DEBUG - interactive is False
2025-05-08 15:15:13,244 - matplotlib - DEBUG - platform is darwin
2025-05-08 15:15:13,267 - matplotlib - DEBUG - CACHEDIR=/Users/daws/.matplotlib
2025-05-08 15:15:13,268 - matplotlib.font_manager - DEBUG - Using fontManager instance from /Users/daws/.matplotlib/fontlist-v390.json
2025-05-08 15:15:13,345 - fixed_opt - INFO - Created fixed optimization config at config/ma_crossover_optimization_fixed.yaml
2025-05-08 15:15:13,347 - src.strategy.strategy_factory - INFO - Discovered strategy: simple_ma_crossover from ma_crossover_strategy.SimpleMACrossoverStrategy
2025-05-08 15:15:13,347 - src.strategy.strategy_factory - INFO - Discovered strategy: regime_ensemble from regime_ensemble_strategy.RegimeEnsembleStrategy
2025-05-08 15:15:13,348 - src.strategy.strategy_factory - INFO - Discovered strategy: composite_regime from composite_regime_strategy.CompositeRegimeStrategy
2025-05-08 15:15:13,348 - src.strategy.strategy_factory - INFO - Discovered strategy: simple_ma_crossover from simple_ma_crossover.SimpleMACrossoverStrategy
2025-05-08 15:15:13,348 - src.strategy.strategy_factory - INFO - Discovered strategy: ensemble from ensemble_strategy.EnsembleStrategy
2025-05-08 15:15:13,348 - src.strategy.strategy_factory - INFO - Discovered strategy: ma_crossover from ma_crossover.MACrossoverStrategy
2025-05-08 15:15:13,348 - src.strategy.strategy_factory - INFO - Discovered strategy: mean_reversion from mean_reversion.MeanReversionStrategy
2025-05-08 15:15:13,348 - src.strategy.strategy_factory - INFO - Discovered strategy: ma_crossover from backup.ma_crossover.MACrossoverStrategy
2025-05-08 15:15:13,349 - src.strategy.strategy_factory - INFO - Discovered strategy: ma_crossover from backup.ma_crossover_fixed.MACrossoverStrategy
2025-05-08 15:15:13,349 - src.strategy.strategy_factory - INFO - Discovered strategy: simple_ma_crossover from ma_crossover_strategy.SimpleMACrossoverStrategy
2025-05-08 15:15:13,349 - src.strategy.strategy_factory - INFO - Discovered strategy: regime_ensemble from regime_ensemble_strategy.RegimeEnsembleStrategy
2025-05-08 15:15:13,349 - src.strategy.strategy_factory - INFO - Discovered strategy: composite_regime from composite_regime_strategy.CompositeRegimeStrategy
2025-05-08 15:15:13,349 - src.strategy.strategy_factory - INFO - Discovered strategy: simple_ma_crossover from simple_ma_crossover.SimpleMACrossoverStrategy
2025-05-08 15:15:13,349 - src.strategy.strategy_factory - INFO - Discovered strategy: ensemble from ensemble_strategy.EnsembleStrategy
2025-05-08 15:15:13,349 - src.strategy.strategy_factory - INFO - Discovered strategy: ma_crossover from ma_crossover.MACrossoverStrategy
2025-05-08 15:15:13,349 - src.strategy.strategy_factory - INFO - Discovered strategy: mean_reversion from mean_reversion.MeanReversionStrategy
2025-05-08 15:15:13,349 - src.strategy.strategy_factory - INFO - Discovered strategy: ma_crossover from backup.ma_crossover.MACrossoverStrategy
2025-05-08 15:15:13,349 - src.strategy.strategy_factory - INFO - Discovered strategy: ma_crossover from backup.ma_crossover_fixed.MACrossoverStrategy
2025-05-08 15:15:13,349 - fixed_opt - INFO - Starting optimization...
2025-05-08 15:15:13,349 - src.strategy.optimization.optimizer - INFO - Starting optimization for strategy: ma_crossover
2025-05-08 15:15:13,349 - src.strategy.optimization.optimizer - INFO - Parameter space: <src.strategy.optimization.parameter_space.ParameterSpace object at 0x10a338ec0>
2025-05-08 15:15:13,349 - src.strategy.optimization.optimizer - INFO - Using grid search optimization
2025-05-08 15:15:13,349 - src.core.events.event_adapter - INFO - Added get_data method to Event class
2025-05-08 15:15:13,349 - src.core.events.event_adapter - INFO - Added get_symbol method to Event class
2025-05-08 15:15:13,349 - src.core.events.event_adapter - INFO - Added get_close method to Event class
2025-05-08 15:15:13,349 - src.core.events.event_bus - INFO - EventBus initialized with deduplication_strategy=full, enable_metrics=False, enable_replay=False
2025-05-08 15:15:13,351 - fixed_opt - ERROR - Error running optimization: expected ':' (historical_data_handler.py, line 470)
2025-05-08 15:15:13,352 - fixed_opt - ERROR - Traceback (most recent call last):
  File "/Users/daws/ADMF-trader/run_optimization_after_fix.py", line 122, in run_optimizer
    results = optimizer.optimize()
  File "/Users/daws/ADMF-trader/src/strategy/optimization/optimizer.py", line 259, in optimize
    results = optimizer.optimize(
        self.config['strategy']['name'],
        self.objective_function,
        train_test_config
    )
  File "/Users/daws/ADMF-trader/src/execution/backtest/optimizing_backtest.py", line 95, in optimize
    train_result = self._run_backtest_with_params(
        strategy_name,
    ...<2 lines>...
        train_test_config
    )
  File "/Users/daws/ADMF-trader/src/execution/backtest/optimizing_backtest.py", line 225, in _run_backtest_with_params
    data_handler_class = self._get_data_handler_class()
  File "/Users/daws/ADMF-trader/src/execution/backtest/optimizing_backtest.py", line 416, in _get_data_handler_class
    from src.data.historical_data_handler import HistoricalDataHandler
  File "/Users/daws/ADMF-trader/src/data/__init__.py", line 14, in <module>
    from .historical_data_handler import HistoricalDataHandler
  File "/Users/daws/ADMF-trader/src/data/historical_data_handler.py", line 470
    def get_current_symbol(self)
                                ^
SyntaxError: expected ':'

2025-05-08 15:15:13,352 - fixed_opt - WARNING - Both methods failed
2025-05-08 15:15:13,352 - fixed_opt - INFO - Checking logs for clues...
2025-05-08 15:15:13,353 - fixed_opt - INFO - Last 20 lines of optimization_detailed.log:
2025-05-08 15:15:13,353 - fixed_opt - INFO - 2025-05-08 15:04:54,999 - matplotlib.font_manager - DEBUG - Using fontManager instance from /Users/daws/.matplotlib/fontlist-v390.json
2025-05-08 15:15:13,353 - fixed_opt - INFO - 2025-05-08 15:04:55,102 - src.strategy.strategy_factory - ERROR - Error importing strategy module ma_crossover_strategy: No module named 'src.core.event_bus'
2025-05-08 15:15:13,353 - fixed_opt - INFO - 2025-05-08 15:04:55,102 - src.strategy.strategy_factory - INFO - Discovered strategy: regime_ensemble from regime_ensemble_strategy.RegimeEnsembleStrategy
2025-05-08 15:15:13,353 - fixed_opt - INFO - 2025-05-08 15:04:55,103 - src.strategy.strategy_factory - INFO - Discovered strategy: composite_regime from composite_regime_strategy.CompositeRegimeStrategy
2025-05-08 15:15:13,353 - fixed_opt - INFO - 2025-05-08 15:04:55,103 - src.strategy.strategy_factory - ERROR - Error importing strategy module simple_ma_crossover: No module named 'src.core.event_bus'
2025-05-08 15:15:13,353 - fixed_opt - INFO - 2025-05-08 15:04:55,103 - src.strategy.strategy_factory - INFO - Discovered strategy: ensemble from ensemble_strategy.EnsembleStrategy
2025-05-08 15:15:13,353 - fixed_opt - INFO - 2025-05-08 15:04:55,103 - src.strategy.strategy_factory - INFO - Discovered strategy: ma_crossover from ma_crossover.MACrossoverStrategy
2025-05-08 15:15:13,353 - fixed_opt - INFO - 2025-05-08 15:04:55,104 - src.strategy.strategy_factory - INFO - Discovered strategy: mean_reversion from mean_reversion.MeanReversionStrategy
2025-05-08 15:15:13,353 - fixed_opt - INFO - 2025-05-08 15:04:55,104 - src.strategy.strategy_factory - INFO - Discovered strategy: ma_crossover from backup.ma_crossover.MACrossoverStrategy
2025-05-08 15:15:13,353 - fixed_opt - INFO - 2025-05-08 15:04:55,104 - src.strategy.strategy_factory - INFO - Discovered strategy: ma_crossover from backup.ma_crossover_fixed.MACrossoverStrategy
2025-05-08 15:15:13,353 - fixed_opt - INFO - 2025-05-08 15:04:55,105 - src.strategy.strategy_factory - ERROR - Error importing strategy module ma_crossover_strategy: No module named 'src.core.event_bus'
2025-05-08 15:15:13,353 - fixed_opt - INFO - 2025-05-08 15:04:55,105 - src.strategy.strategy_factory - INFO - Discovered strategy: regime_ensemble from regime_ensemble_strategy.RegimeEnsembleStrategy
2025-05-08 15:15:13,353 - fixed_opt - INFO - 2025-05-08 15:04:55,105 - src.strategy.strategy_factory - INFO - Discovered strategy: composite_regime from composite_regime_strategy.CompositeRegimeStrategy
2025-05-08 15:15:13,353 - fixed_opt - INFO - 2025-05-08 15:04:55,105 - src.strategy.strategy_factory - ERROR - Error importing strategy module simple_ma_crossover: No module named 'src.core.event_bus'
2025-05-08 15:15:13,353 - fixed_opt - INFO - 2025-05-08 15:04:55,105 - src.strategy.strategy_factory - INFO - Discovered strategy: ensemble from ensemble_strategy.EnsembleStrategy
2025-05-08 15:15:13,353 - fixed_opt - INFO - 2025-05-08 15:04:55,105 - src.strategy.strategy_factory - INFO - Discovered strategy: ma_crossover from ma_crossover.MACrossoverStrategy
2025-05-08 15:15:13,353 - fixed_opt - INFO - 2025-05-08 15:04:55,105 - src.strategy.strategy_factory - INFO - Discovered strategy: mean_reversion from mean_reversion.MeanReversionStrategy
2025-05-08 15:15:13,353 - fixed_opt - INFO - 2025-05-08 15:04:55,105 - src.strategy.strategy_factory - INFO - Discovered strategy: ma_crossover from backup.ma_crossover.MACrossoverStrategy
2025-05-08 15:15:13,353 - fixed_opt - INFO - 2025-05-08 15:04:55,105 - src.strategy.strategy_factory - INFO - Discovered strategy: ma_crossover from backup.ma_crossover_fixed.MACrossoverStrategy
2025-05-08 15:15:13,353 - fixed_opt - INFO - 2025-05-08 15:04:55,105 - root - INFO - Adding signal/order/trade event listeners
2025-05-08 15:15:13,353 - fixed_opt - INFO - Last 20 lines of fixed_optimization.log:
2025-05-08 15:15:13,353 - fixed_opt - INFO - 2025-05-08 15:15:13,353 - fixed_opt - INFO - 2025-05-08 15:04:54,999 - matplotlib.font_manager - DEBUG - Using fontManager instance from /Users/daws/.matplotlib/fontlist-v390.json
2025-05-08 15:15:13,353 - fixed_opt - INFO - 2025-05-08 15:15:13,353 - fixed_opt - INFO - 2025-05-08 15:04:55,102 - src.strategy.strategy_factory - ERROR - Error importing strategy module ma_crossover_strategy: No module named 'src.core.event_bus'
2025-05-08 15:15:13,353 - fixed_opt - INFO - 2025-05-08 15:15:13,353 - fixed_opt - INFO - 2025-05-08 15:04:55,102 - src.strategy.strategy_factory - INFO - Discovered strategy: regime_ensemble from regime_ensemble_strategy.RegimeEnsembleStrategy
2025-05-08 15:15:13,353 - fixed_opt - INFO - 2025-05-08 15:15:13,353 - fixed_opt - INFO - 2025-05-08 15:04:55,103 - src.strategy.strategy_factory - INFO - Discovered strategy: composite_regime from composite_regime_strategy.CompositeRegimeStrategy
2025-05-08 15:15:13,353 - fixed_opt - INFO - 2025-05-08 15:15:13,353 - fixed_opt - INFO - 2025-05-08 15:04:55,103 - src.strategy.strategy_factory - ERROR - Error importing strategy module simple_ma_crossover: No module named 'src.core.event_bus'
2025-05-08 15:15:13,353 - fixed_opt - INFO - 2025-05-08 15:15:13,353 - fixed_opt - INFO - 2025-05-08 15:04:55,103 - src.strategy.strategy_factory - INFO - Discovered strategy: ensemble from ensemble_strategy.EnsembleStrategy
2025-05-08 15:15:13,353 - fixed_opt - INFO - 2025-05-08 15:15:13,353 - fixed_opt - INFO - 2025-05-08 15:04:55,103 - src.strategy.strategy_factory - INFO - Discovered strategy: ma_crossover from ma_crossover.MACrossoverStrategy
2025-05-08 15:15:13,353 - fixed_opt - INFO - 2025-05-08 15:15:13,353 - fixed_opt - INFO - 2025-05-08 15:04:55,104 - src.strategy.strategy_factory - INFO - Discovered strategy: mean_reversion from mean_reversion.MeanReversionStrategy
2025-05-08 15:15:13,353 - fixed_opt - INFO - 2025-05-08 15:15:13,353 - fixed_opt - INFO - 2025-05-08 15:04:55,104 - src.strategy.strategy_factory - INFO - Discovered strategy: ma_crossover from backup.ma_crossover.MACrossoverStrategy
2025-05-08 15:15:13,353 - fixed_opt - INFO - 2025-05-08 15:15:13,353 - fixed_opt - INFO - 2025-05-08 15:04:55,104 - src.strategy.strategy_factory - INFO - Discovered strategy: ma_crossover from backup.ma_crossover_fixed.MACrossoverStrategy
2025-05-08 15:15:13,353 - fixed_opt - INFO - 2025-05-08 15:15:13,353 - fixed_opt - INFO - 2025-05-08 15:04:55,105 - src.strategy.strategy_factory - ERROR - Error importing strategy module ma_crossover_strategy: No module named 'src.core.event_bus'
2025-05-08 15:15:13,353 - fixed_opt - INFO - 2025-05-08 15:15:13,353 - fixed_opt - INFO - 2025-05-08 15:04:55,105 - src.strategy.strategy_factory - INFO - Discovered strategy: regime_ensemble from regime_ensemble_strategy.RegimeEnsembleStrategy
2025-05-08 15:15:13,353 - fixed_opt - INFO - 2025-05-08 15:15:13,353 - fixed_opt - INFO - 2025-05-08 15:04:55,105 - src.strategy.strategy_factory - INFO - Discovered strategy: composite_regime from composite_regime_strategy.CompositeRegimeStrategy
2025-05-08 15:15:13,353 - fixed_opt - INFO - 2025-05-08 15:15:13,353 - fixed_opt - INFO - 2025-05-08 15:04:55,105 - src.strategy.strategy_factory - ERROR - Error importing strategy module simple_ma_crossover: No module named 'src.core.event_bus'
2025-05-08 15:15:13,353 - fixed_opt - INFO - 2025-05-08 15:15:13,353 - fixed_opt - INFO - 2025-05-08 15:04:55,105 - src.strategy.strategy_factory - INFO - Discovered strategy: ensemble from ensemble_strategy.EnsembleStrategy
2025-05-08 15:15:13,353 - fixed_opt - INFO - 2025-05-08 15:15:13,353 - fixed_opt - INFO - 2025-05-08 15:04:55,105 - src.strategy.strategy_factory - INFO - Discovered strategy: ma_crossover from ma_crossover.MACrossoverStrategy
2025-05-08 15:15:13,353 - fixed_opt - INFO - 2025-05-08 15:15:13,353 - fixed_opt - INFO - 2025-05-08 15:04:55,105 - src.strategy.strategy_factory - INFO - Discovered strategy: mean_reversion from mean_reversion.MeanReversionStrategy
2025-05-08 15:15:13,353 - fixed_opt - INFO - 2025-05-08 15:15:13,353 - fixed_opt - INFO - 2025-05-08 15:04:55,105 - src.strategy.strategy_factory - INFO - Discovered strategy: ma_crossover from backup.ma_crossover.MACrossoverStrategy
2025-05-08 15:15:13,353 - fixed_opt - INFO - 2025-05-08 15:15:13,353 - fixed_opt - INFO - 2025-05-08 15:04:55,105 - src.strategy.strategy_factory - INFO - Discovered strategy: ma_crossover from backup.ma_crossover_fixed.MACrossoverStrategy
2025-05-08 15:15:13,353 - fixed_opt - INFO - 2025-05-08 15:15:13,353 - fixed_opt - INFO - 2025-05-08 15:04:55,105 - root - INFO - Adding signal/order/trade event listeners
2025-05-08 15:15:13,353 - fixed_opt - INFO - Optimization run completed
