2025-05-08 15:04:54,964 - matplotlib - DEBUG - matplotlib data path: /Users/daws/mmbt/venv/lib/python3.13/site-packages/matplotlib/mpl-data
2025-05-08 15:04:54,967 - matplotlib - DEBUG - CONFIGDIR=/Users/daws/.matplotlib
2025-05-08 15:04:54,967 - matplotlib - DEBUG - interactive is False
2025-05-08 15:04:54,967 - matplotlib - DEBUG - platform is darwin
2025-05-08 15:04:54,997 - matplotlib - DEBUG - CACHEDIR=/Users/daws/.matplotlib
2025-05-08 15:04:54,999 - matplotlib.font_manager - DEBUG - Using fontManager instance from /Users/daws/.matplotlib/fontlist-v390.json
2025-05-08 15:04:55,102 - src.strategy.strategy_factory - ERROR - Error importing strategy module ma_crossover_strategy: No module named 'src.core.event_bus'
2025-05-08 15:04:55,102 - src.strategy.strategy_factory - INFO - Discovered strategy: regime_ensemble from regime_ensemble_strategy.RegimeEnsembleStrategy
2025-05-08 15:04:55,103 - src.strategy.strategy_factory - INFO - Discovered strategy: composite_regime from composite_regime_strategy.CompositeRegimeStrategy
2025-05-08 15:04:55,103 - src.strategy.strategy_factory - ERROR - Error importing strategy module simple_ma_crossover: No module named 'src.core.event_bus'
2025-05-08 15:04:55,103 - src.strategy.strategy_factory - INFO - Discovered strategy: ensemble from ensemble_strategy.EnsembleStrategy
2025-05-08 15:04:55,103 - src.strategy.strategy_factory - INFO - Discovered strategy: ma_crossover from ma_crossover.MACrossoverStrategy
2025-05-08 15:04:55,104 - src.strategy.strategy_factory - INFO - Discovered strategy: mean_reversion from mean_reversion.MeanReversionStrategy
2025-05-08 15:04:55,104 - src.strategy.strategy_factory - INFO - Discovered strategy: ma_crossover from backup.ma_crossover.MACrossoverStrategy
2025-05-08 15:04:55,104 - src.strategy.strategy_factory - INFO - Discovered strategy: ma_crossover from backup.ma_crossover_fixed.MACrossoverStrategy
2025-05-08 15:04:55,105 - src.strategy.strategy_factory - ERROR - Error importing strategy module ma_crossover_strategy: No module named 'src.core.event_bus'
2025-05-08 15:04:55,105 - src.strategy.strategy_factory - INFO - Discovered strategy: regime_ensemble from regime_ensemble_strategy.RegimeEnsembleStrategy
2025-05-08 15:04:55,105 - src.strategy.strategy_factory - INFO - Discovered strategy: composite_regime from composite_regime_strategy.CompositeRegimeStrategy
2025-05-08 15:04:55,105 - src.strategy.strategy_factory - ERROR - Error importing strategy module simple_ma_crossover: No module named 'src.core.event_bus'
2025-05-08 15:04:55,105 - src.strategy.strategy_factory - INFO - Discovered strategy: ensemble from ensemble_strategy.EnsembleStrategy
2025-05-08 15:04:55,105 - src.strategy.strategy_factory - INFO - Discovered strategy: ma_crossover from ma_crossover.MACrossoverStrategy
2025-05-08 15:04:55,105 - src.strategy.strategy_factory - INFO - Discovered strategy: mean_reversion from mean_reversion.MeanReversionStrategy
2025-05-08 15:04:55,105 - src.strategy.strategy_factory - INFO - Discovered strategy: ma_crossover from backup.ma_crossover.MACrossoverStrategy
2025-05-08 15:04:55,105 - src.strategy.strategy_factory - INFO - Discovered strategy: ma_crossover from backup.ma_crossover_fixed.MACrossoverStrategy
2025-05-08 15:04:55,105 - root - INFO - Adding signal/order/trade event listeners
