2025-04-29 14:42:56,812 - src.core.bootstrap - INFO - Logging initialized at level INFO
2025-04-29 14:42:56,812 - src.core.bootstrap - INFO - Log file: ./results/regime_ensemble_SPY_1min/regime_ensemble_SPY_1min.log
2025-04-29 14:42:56,814 - src.core.bootstrap - INFO - Loaded configuration from config/regime_ensemble_SPY_1min.yaml
2025-04-29 14:42:56,814 - src.core.bootstrap - INFO - Event system initialized
2025-04-29 14:42:56,814 - src.core.events.event_emitters - INFO - Bar emitter bar_emitter started
2025-04-29 14:42:56,815 - src.core.utils.discovery - INFO - Registered component csv_data_source in registry
2025-04-29 14:42:56,815 - src.core.bootstrap - INFO - Data components initialized with source type: csv
2025-04-29 14:42:56,820 - src.core.bootstrap - INFO - Order registry initialized
2025-04-29 14:42:56,829 - src.core.bootstrap - INFO - Execution components initialized with order registry
2025-04-29 14:42:56,835 - src.core.bootstrap - INFO - Risk manager configured with position_size=100, max_position_pct=0.05
2025-04-29 14:42:56,835 - src.core.bootstrap - INFO - Risk components initialized
2025-04-29 14:42:56,839 - src.core.bootstrap - INFO - Discovering strategy implementations...
2025-04-29 14:42:56,839 - src.core.utils.discovery - INFO - Registered component ma_crossover in registry
2025-04-29 14:42:56,841 - src.core.utils.discovery - INFO - Registered component regime_ensemble in registry
2025-04-29 14:42:56,841 - src.core.bootstrap - INFO - Discovered strategies: ma_crossover, regime_ensemble
2025-04-29 14:42:56,841 - src.core.bootstrap - INFO - Requested strategy: regime_ensemble
2025-04-29 14:42:56,841 - src.core.bootstrap - INFO - Available strategies in registry: ['ma_crossover', 'regime_ensemble']
2025-04-29 14:42:56,841 - src.strategy.implementations.regime_ensemble_strategy - INFO - Regime Ensemble strategy initialized with 0 symbols
2025-04-29 14:42:56,841 - src.strategy.implementations.regime_ensemble_strategy - INFO - Regime Ensemble strategy configured with 1 symbols
2025-04-29 14:42:56,841 - src.core.bootstrap - INFO - Strategy 'regime_ensemble' initialized successfully
2025-04-29 14:42:56,841 - src.core.bootstrap - INFO - Analytics components initialized
2025-04-29 14:42:56,841 - src.core.bootstrap - INFO - System bootstrap complete
2025-04-29 14:42:56,841 - src.execution.backtest.backtest - INFO - Using timeframe from config: 1min
2025-04-29 14:42:56,841 - src.execution.backtest.backtest - INFO - Backtest setup complete
2025-04-29 14:42:56,841 - src.risk.portfolio.portfolio - INFO - Reset portfolio portfolio_d27584d3 to initial state with cash: $100000.00
2025-04-29 14:42:56,841 - src.risk.managers.simple - INFO - Risk manager risk_manager_b440a874 reset
2025-04-29 14:42:56,841 - src.execution.order_registry - INFO - Order registry reset
2025-04-29 14:42:56,841 - src.execution.order_manager - INFO - Reset order manager
2025-04-29 14:42:56,841 - src.strategy.implementations.regime_ensemble_strategy - INFO - Regime Ensemble strategy regime_ensemble reset
2025-04-29 14:42:56,841 - src.execution.backtest.backtest - INFO - Reset all components for backtest
2025-04-29 14:42:56,841 - src.execution.backtest.backtest - INFO - Loading data for symbols: ['SPY'] with timeframe: 1min
2025-04-29 14:42:56,842 - src.data.sources.csv_handler - INFO - CSVDataSource: Loading file ./data/SPY_1min.csv
2025-04-29 14:42:56,892 - src.data.sources.csv_handler - INFO - CSVDataSource: Loaded 102236 rows
2025-04-29 14:42:56,893 - src.data.sources.csv_handler - INFO - CSVDataSource: Original timestamp sample: 2024-03-26 13:30:00
2025-04-29 14:42:56,907 - src.data.sources.csv_handler - INFO - CSVDataSource: Parsed timestamp sample: 2024-03-26 13:30:00
2025-04-29 14:42:56,908 - src.data.sources.csv_handler - INFO - CSVDataSource: Set timestamp as index
2025-04-29 14:42:56,911 - src.data.sources.csv_handler - INFO - CSVDataSource: Date range in data: 2024-03-26 13:30:00 to 2025-04-02 19:23:00
2025-04-29 14:42:56,911 - src.data.sources.csv_handler - INFO - CSVDataSource: Columns after mapping: ['open', 'high', 'low', 'close', 'volume', 'trade_count', 'vwap']
2025-04-29 14:42:56,911 - src.data.historical_data_handler - INFO - Loaded 102236 bars for SPY from 2024-03-26 13:30:00 to 2025-04-02 19:23:00
2025-04-29 14:42:56,911 - src.execution.backtest.backtest - INFO - Starting backtest
2025-04-29 14:42:56,913 - src.strategy.implementations.regime_ensemble_strategy - INFO - Regime change for SPY: neutral -> mean_reversion
2025-04-29 14:42:57,009 - src.strategy.implementations.regime_ensemble_strategy - INFO - Signal for SPY (mean_reversion regime): Combined=0.51 -> 1
2025-04-29 14:42:57,009 - src.strategy.implementations.regime_ensemble_strategy - INFO -   Components: Trend=-0.00, MeanRev=0.77, Vol=0.00
2025-04-29 14:42:57,010 - src.execution.order_registry - INFO - Registered order: 8e786707-47ff-4f21-8c6a-b68f2ec67de2
2025-04-29 14:42:57,010 - src.execution.order_manager - INFO - Emitting order event: 8e786707-47ff-4f21-8c6a-b68f2ec67de2
2025-04-29 14:42:57,010 - src.risk.managers.simple - INFO - Reducing BUY size from 100 to 9 for SPY (value limit)
2025-04-29 14:42:57,010 - src.risk.managers.simple - INFO - Reducing BUY size from 100 to 9 for SPY (value limit)
2025-04-29 14:42:57,010 - src.risk.managers.simple - INFO - Reducing BUY size from 100 to 9 for SPY (value limit)
2025-04-29 14:42:57,010 - src.risk.managers.simple - INFO - Reducing BUY size from 100 to 9 for SPY (value limit)
2025-04-29 14:42:57,010 - src.strategy.implementations.regime_ensemble_strategy - INFO - Signal for SPY (mean_reversion regime): Combined=0.51 -> 1
2025-04-29 14:42:57,010 - src.strategy.implementations.regime_ensemble_strategy - INFO -   Components: Trend=-0.00, MeanRev=0.77, Vol=0.00
2025-04-29 14:42:57,010 - src.strategy.implementations.regime_ensemble_strategy - INFO - Signal for SPY (mean_reversion regime): Combined=0.54 -> 1
2025-04-29 14:42:57,010 - src.strategy.implementations.regime_ensemble_strategy - INFO -   Components: Trend=-0.00, MeanRev=0.82, Vol=0.00
2025-04-29 14:42:57,010 - src.execution.order_registry - INFO - Registered order: 9a0f6958-7461-4c7f-8a18-6466df72fd82
2025-04-29 14:42:57,010 - src.execution.order_manager - INFO - Emitting order event: 9a0f6958-7461-4c7f-8a18-6466df72fd82
2025-04-29 14:42:57,010 - src.risk.managers.simple - INFO - Reducing BUY size from 100 to 9 for SPY (value limit)
2025-04-29 14:42:57,010 - src.risk.managers.simple - INFO - Reducing BUY size from 100 to 9 for SPY (value limit)
2025-04-29 14:42:57,010 - src.risk.managers.simple - INFO - Reducing BUY size from 100 to 9 for SPY (value limit)
2025-04-29 14:42:57,011 - src.risk.managers.simple - INFO - Reducing BUY size from 100 to 9 for SPY (value limit)
2025-04-29 14:42:57,011 - src.strategy.implementations.regime_ensemble_strategy - INFO - Signal for SPY (mean_reversion regime): Combined=0.54 -> 1
2025-04-29 14:42:57,011 - src.strategy.implementations.regime_ensemble_strategy - INFO -   Components: Trend=-0.00, MeanRev=0.82, Vol=0.00
2025-04-29 14:42:57,011 - src.strategy.implementations.regime_ensemble_strategy - INFO - Signal for SPY (mean_reversion regime): Combined=0.56 -> 1
2025-04-29 14:42:57,011 - src.strategy.implementations.regime_ensemble_strategy - INFO -   Components: Trend=-0.00, MeanRev=0.84, Vol=0.00
2025-04-29 14:42:57,011 - src.execution.order_registry - INFO - Registered order: a1b1576a-a093-4778-9856-ea8c1c91b4a7
2025-04-29 14:42:57,011 - src.execution.order_manager - INFO - Emitting order event: a1b1576a-a093-4778-9856-ea8c1c91b4a7
2025-04-29 14:42:57,011 - src.risk.managers.simple - INFO - Reducing BUY size from 100 to 9 for SPY (value limit)
2025-04-29 14:42:57,011 - src.risk.managers.simple - INFO - Reducing BUY size from 100 to 9 for SPY (value limit)
2025-04-29 14:42:57,011 - src.risk.managers.simple - INFO - Reducing BUY size from 100 to 9 for SPY (value limit)
2025-04-29 14:42:57,011 - src.risk.managers.simple - INFO - Reducing BUY size from 100 to 9 for SPY (value limit)
2025-04-29 14:42:57,012 - src.strategy.implementations.regime_ensemble_strategy - INFO - Signal for SPY (mean_reversion regime): Combined=0.56 -> 1
2025-04-29 14:42:57,012 - src.strategy.implementations.regime_ensemble_strategy - INFO -   Components: Trend=-0.00, MeanRev=0.84, Vol=0.00
2025-04-29 14:42:57,031 - src.strategy.implementations.regime_ensemble_strategy - INFO - Signal for SPY (mean_reversion regime): Combined=-0.54 -> -1
2025-04-29 14:42:57,031 - src.strategy.implementations.regime_ensemble_strategy - INFO -   Components: Trend=0.00, MeanRev=-0.82, Vol=0.00
2025-04-29 14:42:57,031 - src.execution.order_registry - INFO - Registered order: a44ae624-9363-4454-a781-7d03a0761953
2025-04-29 14:42:57,031 - src.execution.order_manager - INFO - Emitting order event: a44ae624-9363-4454-a781-7d03a0761953
2025-04-29 14:42:57,032 - src.strategy.implementations.regime_ensemble_strategy - INFO - Signal for SPY (mean_reversion regime): Combined=-0.54 -> -1
2025-04-29 14:42:57,032 - src.strategy.implementations.regime_ensemble_strategy - INFO -   Components: Trend=0.00, MeanRev=-0.82, Vol=0.00
2025-04-29 14:42:57,032 - src.strategy.implementations.regime_ensemble_strategy - INFO - Signal for SPY (mean_reversion regime): Combined=-0.54 -> -1
2025-04-29 14:42:57,032 - src.strategy.implementations.regime_ensemble_strategy - INFO -   Components: Trend=0.00, MeanRev=-0.82, Vol=0.00
2025-04-29 14:42:57,032 - src.execution.order_registry - INFO - Registered order: a963d521-5541-44db-91bf-508993f3c1cc
2025-04-29 14:42:57,032 - src.execution.order_manager - INFO - Emitting order event: a963d521-5541-44db-91bf-508993f3c1cc
2025-04-29 14:42:57,032 - src.strategy.implementations.regime_ensemble_strategy - INFO - Signal for SPY (mean_reversion regime): Combined=-0.54 -> -1
2025-04-29 14:42:57,032 - src.strategy.implementations.regime_ensemble_strategy - INFO -   Components: Trend=0.00, MeanRev=-0.82, Vol=0.00
2025-04-29 14:42:57,033 - src.strategy.implementations.regime_ensemble_strategy - INFO - Signal for SPY (mean_reversion regime): Combined=-0.53 -> -1
2025-04-29 14:42:57,033 - src.strategy.implementations.regime_ensemble_strategy - INFO -   Components: Trend=0.00, MeanRev=-0.80, Vol=0.00
2025-04-29 14:42:57,033 - src.execution.order_registry - INFO - Registered order: 286989f8-3557-4197-a71a-3bd85ded9a27
2025-04-29 14:42:57,033 - src.execution.order_manager - INFO - Emitting order event: 286989f8-3557-4197-a71a-3bd85ded9a27
2025-04-29 14:42:57,033 - src.strategy.implementations.regime_ensemble_strategy - INFO - Signal for SPY (mean_reversion regime): Combined=-0.53 -> -1
2025-04-29 14:42:57,033 - src.strategy.implementations.regime_ensemble_strategy - INFO -   Components: Trend=0.00, MeanRev=-0.80, Vol=0.00
2025-04-29 14:42:57,034 - src.strategy.implementations.regime_ensemble_strategy - INFO - Signal for SPY (mean_reversion regime): Combined=-0.52 -> -1
2025-04-29 14:42:57,034 - src.strategy.implementations.regime_ensemble_strategy - INFO -   Components: Trend=0.00, MeanRev=-0.79, Vol=0.00
2025-04-29 14:42:57,034 - src.execution.order_registry - INFO - Registered order: 48d760e0-c18c-442b-b804-7d0b15922762
2025-04-29 14:42:57,034 - src.execution.order_manager - INFO - Emitting order event: 48d760e0-c18c-442b-b804-7d0b15922762
2025-04-29 14:42:57,034 - src.strategy.implementations.regime_ensemble_strategy - INFO - Signal for SPY (mean_reversion regime): Combined=-0.53 -> -1
2025-04-29 14:42:57,034 - src.strategy.implementations.regime_ensemble_strategy - INFO -   Components: Trend=0.00, MeanRev=-0.79, Vol=0.00
2025-04-29 14:42:57,034 - src.strategy.implementations.regime_ensemble_strategy - INFO - Signal for SPY (mean_reversion regime): Combined=-0.51 -> -1
2025-04-29 14:42:57,034 - src.strategy.implementations.regime_ensemble_strategy - INFO -   Components: Trend=0.00, MeanRev=-0.76, Vol=0.00
2025-04-29 14:42:57,034 - src.execution.order_registry - INFO - Registered order: c41a97e5-6036-4b2a-8159-a3889904caef
2025-04-29 14:42:57,034 - src.execution.order_manager - INFO - Emitting order event: c41a97e5-6036-4b2a-8159-a3889904caef
2025-04-29 14:42:57,035 - src.strategy.implementations.regime_ensemble_strategy - INFO - Signal for SPY (mean_reversion regime): Combined=-0.51 -> -1
2025-04-29 14:42:57,035 - src.strategy.implementations.regime_ensemble_strategy - INFO -   Components: Trend=0.00, MeanRev=-0.76, Vol=0.00
2025-04-29 14:42:57,045 - src.strategy.implementations.regime_ensemble_strategy - INFO - Signal for SPY (mean_reversion regime): Combined=0.54 -> 1
2025-04-29 14:42:57,045 - src.strategy.implementations.regime_ensemble_strategy - INFO -   Components: Trend=-0.00, MeanRev=0.81, Vol=0.00
2025-04-29 14:42:57,045 - src.execution.order_registry - INFO - Registered order: c19618cb-7a14-43e6-afbb-d7168b076f40
2025-04-29 14:42:57,045 - src.execution.order_manager - INFO - Emitting order event: c19618cb-7a14-43e6-afbb-d7168b076f40
2025-04-29 14:42:57,045 - src.risk.managers.simple - INFO - Reducing BUY size from 100 to 9 for SPY (value limit)
2025-04-29 14:42:57,045 - src.risk.managers.simple - INFO - Reducing BUY size from 100 to 9 for SPY (value limit)
2025-04-29 14:42:57,045 - src.risk.managers.simple - INFO - Reducing BUY size from 100 to 9 for SPY (value limit)
2025-04-29 14:42:57,045 - src.risk.managers.simple - INFO - Reducing BUY size from 100 to 9 for SPY (value limit)
2025-04-29 14:42:57,045 - src.strategy.implementations.regime_ensemble_strategy - INFO - Signal for SPY (mean_reversion regime): Combined=0.57 -> 1
2025-04-29 14:42:57,045 - src.strategy.implementations.regime_ensemble_strategy - INFO -   Components: Trend=-0.00, MeanRev=0.86, Vol=0.00
2025-04-29 14:42:57,045 - src.execution.order_registry - INFO - Registered order: 6c2cb585-0255-4aba-8a6c-f2d25327ebe5
2025-04-29 14:42:57,046 - src.execution.order_manager - INFO - Emitting order event: 6c2cb585-0255-4aba-8a6c-f2d25327ebe5
2025-04-29 14:42:57,046 - src.risk.managers.simple - INFO - Reducing BUY size from 100 to 9 for SPY (value limit)
2025-04-29 14:42:57,046 - src.risk.managers.simple - INFO - Reducing BUY size from 100 to 9 for SPY (value limit)
2025-04-29 14:42:57,046 - src.risk.managers.simple - INFO - Reducing BUY size from 100 to 9 for SPY (value limit)
2025-04-29 14:42:57,046 - src.risk.managers.simple - INFO - Reducing BUY size from 100 to 9 for SPY (value limit)
2025-04-29 14:42:57,046 - src.strategy.implementations.regime_ensemble_strategy - INFO - Signal for SPY (mean_reversion regime): Combined=0.57 -> 1
2025-04-29 14:42:57,046 - src.strategy.implementations.regime_ensemble_strategy - INFO -   Components: Trend=-0.00, MeanRev=0.86, Vol=0.00
2025-04-29 14:42:57,046 - src.strategy.implementations.regime_ensemble_strategy - INFO - Signal for SPY (mean_reversion regime): Combined=0.50 -> 1
2025-04-29 14:42:57,046 - src.strategy.implementations.regime_ensemble_strategy - INFO -   Components: Trend=-0.00, MeanRev=0.76, Vol=0.00
2025-04-29 14:42:57,046 - src.execution.order_registry - INFO - Registered order: 096f897d-a14e-4ccc-b061-64b0af4b54df
2025-04-29 14:42:57,046 - src.execution.order_manager - INFO - Emitting order event: 096f897d-a14e-4ccc-b061-64b0af4b54df
2025-04-29 14:42:57,046 - src.risk.managers.simple - INFO - Reducing BUY size from 100 to 9 for SPY (value limit)
2025-04-29 14:42:57,046 - src.risk.managers.simple - INFO - Reducing BUY size from 100 to 9 for SPY (value limit)
2025-04-29 14:42:57,046 - src.risk.managers.simple - INFO - Reducing BUY size from 100 to 9 for SPY (value limit)
2025-04-29 14:42:57,046 - src.risk.managers.simple - INFO - Reducing BUY size from 100 to 9 for SPY (value limit)
2025-04-29 14:42:57,047 - src.strategy.implementations.regime_ensemble_strategy - INFO - Signal for SPY (mean_reversion regime): Combined=0.50 -> 1
2025-04-29 14:42:57,047 - src.strategy.implementations.regime_ensemble_strategy - INFO -   Components: Trend=-0.00, MeanRev=0.76, Vol=0.00
2025-04-29 14:42:57,143 - src.strategy.implementations.regime_ensemble_strategy - INFO - Signal for SPY (mean_reversion regime): Combined=-0.52 -> -1
2025-04-29 14:42:57,143 - src.strategy.implementations.regime_ensemble_strategy - INFO -   Components: Trend=0.00, MeanRev=-0.77, Vol=0.00
2025-04-29 14:42:57,144 - src.execution.order_registry - INFO - Registered order: 9778dce6-8fe2-48ba-b891-49e4f767568c
2025-04-29 14:42:57,144 - src.execution.order_manager - INFO - Emitting order event: 9778dce6-8fe2-48ba-b891-49e4f767568c
2025-04-29 14:42:57,144 - src.strategy.implementations.regime_ensemble_strategy - INFO - Signal for SPY (mean_reversion regime): Combined=-0.52 -> -1
2025-04-29 14:42:57,144 - src.strategy.implementations.regime_ensemble_strategy - INFO -   Components: Trend=0.00, MeanRev=-0.77, Vol=0.00
2025-04-29 14:42:57,144 - src.strategy.implementations.regime_ensemble_strategy - INFO - Signal for SPY (mean_reversion regime): Combined=-0.51 -> -1
2025-04-29 14:42:57,144 - src.strategy.implementations.regime_ensemble_strategy - INFO -   Components: Trend=0.00, MeanRev=-0.76, Vol=0.00
2025-04-29 14:42:57,145 - src.execution.order_registry - INFO - Registered order: 3c33b32b-234b-45ca-bb89-84c2f383c6bc
2025-04-29 14:42:57,145 - src.execution.order_manager - INFO - Emitting order event: 3c33b32b-234b-45ca-bb89-84c2f383c6bc
2025-04-29 14:42:57,145 - src.strategy.implementations.regime_ensemble_strategy - INFO - Signal for SPY (mean_reversion regime): Combined=-0.51 -> -1
2025-04-29 14:42:57,145 - src.strategy.implementations.regime_ensemble_strategy - INFO -   Components: Trend=0.00, MeanRev=-0.76, Vol=0.00
2025-04-29 14:42:57,146 - src.strategy.implementations.regime_ensemble_strategy - INFO - Signal for SPY (mean_reversion regime): Combined=-0.51 -> -1
2025-04-29 14:42:57,146 - src.strategy.implementations.regime_ensemble_strategy - INFO -   Components: Trend=0.00, MeanRev=-0.77, Vol=0.00
2025-04-29 14:42:57,146 - src.execution.order_registry - INFO - Registered order: 72457099-b63f-4b2a-9137-64f7f50648e5
2025-04-29 14:42:57,146 - src.execution.order_manager - INFO - Emitting order event: 72457099-b63f-4b2a-9137-64f7f50648e5
2025-04-29 14:42:57,147 - src.strategy.implementations.regime_ensemble_strategy - INFO - Signal for SPY (mean_reversion regime): Combined=-0.51 -> -1
2025-04-29 14:42:57,147 - src.strategy.implementations.regime_ensemble_strategy - INFO -   Components: Trend=0.00, MeanRev=-0.77, Vol=0.00
2025-04-29 14:42:57,233 - src.strategy.implementations.regime_ensemble_strategy - INFO - Signal for SPY (mean_reversion regime): Combined=-0.50 -> -1
2025-04-29 14:42:57,233 - src.strategy.implementations.regime_ensemble_strategy - INFO -   Components: Trend=0.00, MeanRev=-0.76, Vol=0.00
2025-04-29 14:42:57,233 - src.execution.order_registry - INFO - Registered order: e50a9e84-1619-4daa-97c2-e9e2862cdff9
2025-04-29 14:42:57,233 - src.execution.order_manager - INFO - Emitting order event: e50a9e84-1619-4daa-97c2-e9e2862cdff9
2025-04-29 14:42:57,234 - src.strategy.implementations.regime_ensemble_strategy - INFO - Signal for SPY (mean_reversion regime): Combined=-0.50 -> -1
2025-04-29 14:42:57,234 - src.strategy.implementations.regime_ensemble_strategy - INFO -   Components: Trend=0.00, MeanRev=-0.76, Vol=0.00
2025-04-29 14:42:57,234 - src.strategy.implementations.regime_ensemble_strategy - INFO - Signal for SPY (mean_reversion regime): Combined=-0.53 -> -1
2025-04-29 14:42:57,234 - src.strategy.implementations.regime_ensemble_strategy - INFO -   Components: Trend=0.00, MeanRev=-0.80, Vol=0.00
2025-04-29 14:42:57,234 - src.execution.order_registry - INFO - Registered order: d854e696-a5a8-42fe-8367-ffa082edacfa
2025-04-29 14:42:57,234 - src.execution.order_manager - INFO - Emitting order event: d854e696-a5a8-42fe-8367-ffa082edacfa
2025-04-29 14:42:57,235 - src.strategy.implementations.regime_ensemble_strategy - INFO - Signal for SPY (mean_reversion regime): Combined=-0.53 -> -1
2025-04-29 14:42:57,235 - src.strategy.implementations.regime_ensemble_strategy - INFO -   Components: Trend=0.00, MeanRev=-0.80, Vol=0.00
2025-04-29 14:42:57,235 - src.strategy.implementations.regime_ensemble_strategy - INFO - Signal for SPY (mean_reversion regime): Combined=-0.53 -> -1
2025-04-29 14:42:57,235 - src.strategy.implementations.regime_ensemble_strategy - INFO -   Components: Trend=0.00, MeanRev=-0.80, Vol=0.00
2025-04-29 14:42:57,235 - src.execution.order_registry - INFO - Registered order: c2814373-4301-4458-85c9-ff09d1b13f9f
2025-04-29 14:42:57,235 - src.execution.order_manager - INFO - Emitting order event: c2814373-4301-4458-85c9-ff09d1b13f9f
2025-04-29 14:42:57,236 - src.strategy.implementations.regime_ensemble_strategy - INFO - Signal for SPY (mean_reversion regime): Combined=-0.53 -> -1
2025-04-29 14:42:57,236 - src.strategy.implementations.regime_ensemble_strategy - INFO -   Components: Trend=0.00, MeanRev=-0.80, Vol=0.00
2025-04-29 14:42:57,237 - src.strategy.implementations.regime_ensemble_strategy - INFO - Signal for SPY (mean_reversion regime): Combined=-0.51 -> -1
2025-04-29 14:42:57,237 - src.strategy.implementations.regime_ensemble_strategy - INFO -   Components: Trend=0.00, MeanRev=-0.76, Vol=0.00
2025-04-29 14:42:57,237 - src.execution.order_registry - INFO - Registered order: 22726b08-ccc6-428a-9397-760a4f1da14b
2025-04-29 14:42:57,237 - src.execution.order_manager - INFO - Emitting order event: 22726b08-ccc6-428a-9397-760a4f1da14b
2025-04-29 14:42:57,238 - src.strategy.implementations.regime_ensemble_strategy - INFO - Signal for SPY (mean_reversion regime): Combined=-0.51 -> -1
2025-04-29 14:42:57,238 - src.strategy.implementations.regime_ensemble_strategy - INFO -   Components: Trend=0.00, MeanRev=-0.76, Vol=0.00
2025-04-29 14:42:57,239 - src.strategy.implementations.regime_ensemble_strategy - INFO - Signal for SPY (mean_reversion regime): Combined=-0.52 -> -1
2025-04-29 14:42:57,239 - src.strategy.implementations.regime_ensemble_strategy - INFO -   Components: Trend=0.00, MeanRev=-0.78, Vol=0.00
2025-04-29 14:42:57,239 - src.execution.order_registry - INFO - Registered order: 9c97b18c-69cd-41fa-a8d8-dbc2e2aa8ce0
2025-04-29 14:42:57,239 - src.execution.order_manager - INFO - Emitting order event: 9c97b18c-69cd-41fa-a8d8-dbc2e2aa8ce0
2025-04-29 14:42:57,240 - src.strategy.implementations.regime_ensemble_strategy - INFO - Signal for SPY (mean_reversion regime): Combined=-0.52 -> -1
2025-04-29 14:42:57,240 - src.strategy.implementations.regime_ensemble_strategy - INFO -   Components: Trend=0.00, MeanRev=-0.78, Vol=0.00
2025-04-29 14:42:57,240 - src.strategy.implementations.regime_ensemble_strategy - INFO - Signal for SPY (mean_reversion regime): Combined=-0.50 -> -1
2025-04-29 14:42:57,240 - src.strategy.implementations.regime_ensemble_strategy - INFO -   Components: Trend=0.00, MeanRev=-0.75, Vol=0.00
2025-04-29 14:42:57,240 - src.execution.order_registry - INFO - Registered order: 2eaafad6-bbe2-40bf-9169-da4619699c32
2025-04-29 14:42:57,240 - src.execution.order_manager - INFO - Emitting order event: 2eaafad6-bbe2-40bf-9169-da4619699c32
2025-04-29 14:42:57,241 - src.strategy.implementations.regime_ensemble_strategy - INFO - Signal for SPY (mean_reversion regime): Combined=-0.50 -> -1
2025-04-29 14:42:57,241 - src.strategy.implementations.regime_ensemble_strategy - INFO -   Components: Trend=0.00, MeanRev=-0.75, Vol=0.00
2025-04-29 14:42:57,300 - src.strategy.implementations.regime_ensemble_strategy - INFO - Signal for SPY (mean_reversion regime): Combined=-0.53 -> -1
2025-04-29 14:42:57,300 - src.strategy.implementations.regime_ensemble_strategy - INFO -   Components: Trend=0.00, MeanRev=-0.79, Vol=0.00
2025-04-29 14:42:57,300 - src.execution.order_registry - INFO - Registered order: 34df695f-16d2-4d1e-82c1-773cf87fb8ec
2025-04-29 14:42:57,300 - src.execution.order_manager - INFO - Emitting order event: 34df695f-16d2-4d1e-82c1-773cf87fb8ec
2025-04-29 14:42:57,301 - src.strategy.implementations.regime_ensemble_strategy - INFO - Signal for SPY (mean_reversion regime): Combined=-0.53 -> -1
2025-04-29 14:42:57,301 - src.strategy.implementations.regime_ensemble_strategy - INFO -   Components: Trend=0.00, MeanRev=-0.79, Vol=0.00
2025-04-29 14:42:57,307 - src.strategy.implementations.regime_ensemble_strategy - INFO - Signal for SPY (mean_reversion regime): Combined=-0.51 -> -1
2025-04-29 14:42:57,307 - src.strategy.implementations.regime_ensemble_strategy - INFO -   Components: Trend=0.00, MeanRev=-0.77, Vol=0.00
2025-04-29 14:42:57,307 - src.execution.order_registry - INFO - Registered order: 4fb16d78-271e-40bf-a86a-fbaf32f2c793
2025-04-29 14:42:57,307 - src.execution.order_manager - INFO - Emitting order event: 4fb16d78-271e-40bf-a86a-fbaf32f2c793
2025-04-29 14:42:57,308 - src.strategy.implementations.regime_ensemble_strategy - INFO - Signal for SPY (mean_reversion regime): Combined=-0.51 -> -1
2025-04-29 14:42:57,308 - src.strategy.implementations.regime_ensemble_strategy - INFO -   Components: Trend=0.00, MeanRev=-0.77, Vol=0.00
2025-04-29 14:42:57,308 - src.strategy.implementations.regime_ensemble_strategy - INFO - Signal for SPY (mean_reversion regime): Combined=-0.56 -> -1
2025-04-29 14:42:57,308 - src.strategy.implementations.regime_ensemble_strategy - INFO -   Components: Trend=0.00, MeanRev=-0.83, Vol=0.00
2025-04-29 14:42:57,308 - src.execution.order_registry - INFO - Registered order: 717fe931-4afe-4de1-a9e4-7f4d09e69708
2025-04-29 14:42:57,308 - src.execution.order_manager - INFO - Emitting order event: 717fe931-4afe-4de1-a9e4-7f4d09e69708
2025-04-29 14:42:57,309 - src.strategy.implementations.regime_ensemble_strategy - INFO - Signal for SPY (mean_reversion regime): Combined=-0.56 -> -1
2025-04-29 14:42:57,309 - src.strategy.implementations.regime_ensemble_strategy - INFO -   Components: Trend=0.00, MeanRev=-0.83, Vol=0.00
2025-04-29 14:42:57,309 - src.strategy.implementations.regime_ensemble_strategy - INFO - Signal for SPY (mean_reversion regime): Combined=-0.51 -> -1
2025-04-29 14:42:57,309 - src.strategy.implementations.regime_ensemble_strategy - INFO -   Components: Trend=0.00, MeanRev=-0.77, Vol=0.00
2025-04-29 14:42:57,309 - src.execution.order_registry - INFO - Registered order: 11842515-dfec-4917-af33-396ea9900099
2025-04-29 14:42:57,309 - src.execution.order_manager - INFO - Emitting order event: 11842515-dfec-4917-af33-396ea9900099
2025-04-29 14:42:57,310 - src.strategy.implementations.regime_ensemble_strategy - INFO - Signal for SPY (mean_reversion regime): Combined=-0.51 -> -1
2025-04-29 14:42:57,310 - src.strategy.implementations.regime_ensemble_strategy - INFO -   Components: Trend=0.00, MeanRev=-0.77, Vol=0.00
2025-04-29 14:42:57,312 - src.strategy.implementations.regime_ensemble_strategy - INFO - Signal for SPY (mean_reversion regime): Combined=-0.51 -> -1
2025-04-29 14:42:57,312 - src.strategy.implementations.regime_ensemble_strategy - INFO -   Components: Trend=0.00, MeanRev=-0.77, Vol=0.00
2025-04-29 14:42:57,312 - src.execution.order_registry - INFO - Registered order: 82c506f4-0757-4b54-8020-582c0392cb30
2025-04-29 14:42:57,312 - src.execution.order_manager - INFO - Emitting order event: 82c506f4-0757-4b54-8020-582c0392cb30
2025-04-29 14:42:57,312 - src.strategy.implementations.regime_ensemble_strategy - INFO - Signal for SPY (mean_reversion regime): Combined=-0.51 -> -1
2025-04-29 14:42:57,312 - src.strategy.implementations.regime_ensemble_strategy - INFO -   Components: Trend=0.00, MeanRev=-0.77, Vol=0.00
2025-04-29 14:42:57,313 - src.strategy.implementations.regime_ensemble_strategy - INFO - Signal for SPY (mean_reversion regime): Combined=-0.53 -> -1
2025-04-29 14:42:57,313 - src.strategy.implementations.regime_ensemble_strategy - INFO -   Components: Trend=0.00, MeanRev=-0.79, Vol=0.00
2025-04-29 14:42:57,313 - src.execution.order_registry - INFO - Registered order: aeaa9780-79a1-4491-af53-11523bc6a39a
2025-04-29 14:42:57,313 - src.execution.order_manager - INFO - Emitting order event: aeaa9780-79a1-4491-af53-11523bc6a39a
2025-04-29 14:42:57,313 - src.strategy.implementations.regime_ensemble_strategy - INFO - Signal for SPY (mean_reversion regime): Combined=-0.53 -> -1
2025-04-29 14:42:57,313 - src.strategy.implementations.regime_ensemble_strategy - INFO -   Components: Trend=0.00, MeanRev=-0.79, Vol=0.00
2025-04-29 14:42:57,571 - src.execution.backtest.backtest - INFO - Processed 1000 iterations
2025-04-29 14:42:57,715 - src.strategy.implementations.regime_ensemble_strategy - INFO - Signal for SPY (mean_reversion regime): Combined=-0.54 -> -1
2025-04-29 14:42:57,715 - src.strategy.implementations.regime_ensemble_strategy - INFO -   Components: Trend=0.00, MeanRev=-0.80, Vol=0.00
2025-04-29 14:42:57,715 - src.execution.order_registry - INFO - Registered order: 9581fd02-70f5-472a-bd87-1c74a5d4eba8
2025-04-29 14:42:57,715 - src.execution.order_manager - INFO - Emitting order event: 9581fd02-70f5-472a-bd87-1c74a5d4eba8
2025-04-29 14:42:57,716 - src.strategy.implementations.regime_ensemble_strategy - INFO - Signal for SPY (mean_reversion regime): Combined=-0.53 -> -1
2025-04-29 14:42:57,716 - src.strategy.implementations.regime_ensemble_strategy - INFO -   Components: Trend=0.00, MeanRev=-0.79, Vol=0.00
2025-04-29 14:42:57,716 - src.execution.order_registry - INFO - Registered order: ccc06047-81f4-4f64-bf8e-b9bc73d4ce94
2025-04-29 14:42:57,716 - src.execution.order_manager - INFO - Emitting order event: ccc06047-81f4-4f64-bf8e-b9bc73d4ce94
2025-04-29 14:42:57,717 - src.strategy.implementations.regime_ensemble_strategy - INFO - Signal for SPY (mean_reversion regime): Combined=-0.53 -> -1
2025-04-29 14:42:57,717 - src.strategy.implementations.regime_ensemble_strategy - INFO -   Components: Trend=0.00, MeanRev=-0.79, Vol=0.00
2025-04-29 14:42:57,718 - src.strategy.implementations.regime_ensemble_strategy - INFO - Signal for SPY (mean_reversion regime): Combined=-0.52 -> -1
2025-04-29 14:42:57,718 - src.strategy.implementations.regime_ensemble_strategy - INFO -   Components: Trend=0.00, MeanRev=-0.78, Vol=0.00
2025-04-29 14:42:57,718 - src.execution.order_registry - INFO - Registered order: 1c3ec80d-76c5-429c-b1dc-0b902be032df
2025-04-29 14:42:57,718 - src.execution.order_manager - INFO - Emitting order event: 1c3ec80d-76c5-429c-b1dc-0b902be032df
2025-04-29 14:42:57,718 - src.strategy.implementations.regime_ensemble_strategy - INFO - Signal for SPY (mean_reversion regime): Combined=-0.52 -> -1
2025-04-29 14:42:57,719 - src.strategy.implementations.regime_ensemble_strategy - INFO -   Components: Trend=0.00, MeanRev=-0.78, Vol=0.00
2025-04-29 14:42:57,719 - src.strategy.implementations.regime_ensemble_strategy - INFO - Signal for SPY (mean_reversion regime): Combined=-0.52 -> -1
2025-04-29 14:42:57,719 - src.strategy.implementations.regime_ensemble_strategy - INFO -   Components: Trend=0.00, MeanRev=-0.78, Vol=0.00
2025-04-29 14:42:57,719 - src.execution.order_registry - INFO - Registered order: 144b7bcc-cea9-40b4-a1a0-c6bfe1912f63
2025-04-29 14:42:57,719 - src.execution.order_manager - INFO - Emitting order event: 144b7bcc-cea9-40b4-a1a0-c6bfe1912f63
2025-04-29 14:42:57,720 - src.strategy.implementations.regime_ensemble_strategy - INFO - Signal for SPY (mean_reversion regime): Combined=-0.52 -> -1
2025-04-29 14:42:57,720 - src.strategy.implementations.regime_ensemble_strategy - INFO -   Components: Trend=0.00, MeanRev=-0.78, Vol=0.00
2025-04-29 14:42:57,721 - src.strategy.implementations.regime_ensemble_strategy - INFO - Signal for SPY (mean_reversion regime): Combined=-0.52 -> -1
2025-04-29 14:42:57,721 - src.strategy.implementations.regime_ensemble_strategy - INFO -   Components: Trend=0.00, MeanRev=-0.78, Vol=0.00
2025-04-29 14:42:57,721 - src.execution.order_registry - INFO - Registered order: a1ef979e-bb2a-4041-b771-dcc377de25d4
2025-04-29 14:42:57,721 - src.execution.order_manager - INFO - Emitting order event: a1ef979e-bb2a-4041-b771-dcc377de25d4
2025-04-29 14:42:57,722 - src.strategy.implementations.regime_ensemble_strategy - INFO - Signal for SPY (mean_reversion regime): Combined=-0.52 -> -1
2025-04-29 14:42:57,722 - src.strategy.implementations.regime_ensemble_strategy - INFO -   Components: Trend=0.00, MeanRev=-0.78, Vol=0.00
2025-04-29 14:42:58,457 - src.strategy.implementations.regime_ensemble_strategy - INFO - Regime change for SPY: mean_reversion -> neutral
2025-04-29 14:42:58,510 - src.strategy.implementations.regime_ensemble_strategy - INFO - Regime change for SPY: neutral -> mean_reversion
2025-04-29 14:42:58,629 - src.strategy.implementations.regime_ensemble_strategy - INFO - Signal for SPY (mean_reversion regime): Combined=0.55 -> 1
2025-04-29 14:42:58,629 - src.strategy.implementations.regime_ensemble_strategy - INFO -   Components: Trend=-0.00, MeanRev=0.82, Vol=0.00
2025-04-29 14:42:58,629 - src.execution.order_registry - INFO - Registered order: 82150382-d0bb-45b8-a64e-1715591d4b87
2025-04-29 14:42:58,629 - src.execution.order_manager - INFO - Emitting order event: 82150382-d0bb-45b8-a64e-1715591d4b87
2025-04-29 14:42:58,629 - src.risk.managers.simple - INFO - Reducing BUY size from 100 to 9 for SPY (value limit)
2025-04-29 14:42:58,629 - src.risk.managers.simple - INFO - Reducing BUY size from 100 to 9 for SPY (value limit)
2025-04-29 14:42:58,629 - src.risk.managers.simple - INFO - Reducing BUY size from 100 to 9 for SPY (value limit)
2025-04-29 14:42:58,629 - src.risk.managers.simple - INFO - Reducing BUY size from 100 to 9 for SPY (value limit)
2025-04-29 14:42:58,630 - src.strategy.implementations.regime_ensemble_strategy - INFO - Signal for SPY (mean_reversion regime): Combined=0.55 -> 1
2025-04-29 14:42:58,630 - src.strategy.implementations.regime_ensemble_strategy - INFO -   Components: Trend=-0.00, MeanRev=0.82, Vol=0.00
2025-04-29 14:42:58,671 - src.strategy.implementations.regime_ensemble_strategy - INFO - Signal for SPY (mean_reversion regime): Combined=-0.51 -> -1
2025-04-29 14:42:58,671 - src.strategy.implementations.regime_ensemble_strategy - INFO -   Components: Trend=0.00, MeanRev=-0.76, Vol=0.00
2025-04-29 14:42:58,671 - src.execution.order_registry - INFO - Registered order: ebc1ba0e-4e2c-4a58-aab2-597f4d0f8271
2025-04-29 14:42:58,671 - src.execution.order_manager - INFO - Emitting order event: ebc1ba0e-4e2c-4a58-aab2-597f4d0f8271
2025-04-29 14:42:58,672 - src.strategy.implementations.regime_ensemble_strategy - INFO - Signal for SPY (mean_reversion regime): Combined=-0.51 -> -1
2025-04-29 14:42:58,672 - src.strategy.implementations.regime_ensemble_strategy - INFO -   Components: Trend=0.00, MeanRev=-0.76, Vol=0.00
2025-04-29 14:42:59,397 - src.execution.backtest.backtest - INFO - Processed 2000 iterations
2025-04-29 14:43:00,171 - src.strategy.implementations.regime_ensemble_strategy - INFO - Signal for SPY (mean_reversion regime): Combined=0.54 -> 1
2025-04-29 14:43:00,171 - src.strategy.implementations.regime_ensemble_strategy - INFO -   Components: Trend=-0.00, MeanRev=0.81, Vol=0.00
2025-04-29 14:43:00,172 - src.execution.order_registry - INFO - Registered order: 946d1769-cb43-4445-aad1-1cec00ae520d
2025-04-29 14:43:00,172 - src.execution.order_manager - INFO - Emitting order event: 946d1769-cb43-4445-aad1-1cec00ae520d
2025-04-29 14:43:00,172 - src.risk.managers.simple - INFO - Reducing BUY size from 100 to 9 for SPY (value limit)
2025-04-29 14:43:00,172 - src.risk.managers.simple - INFO - Reducing BUY size from 100 to 9 for SPY (value limit)
2025-04-29 14:43:00,172 - src.risk.managers.simple - INFO - Reducing BUY size from 100 to 9 for SPY (value limit)
2025-04-29 14:43:00,172 - src.risk.managers.simple - INFO - Reducing BUY size from 100 to 9 for SPY (value limit)
2025-04-29 14:43:00,173 - src.strategy.implementations.regime_ensemble_strategy - INFO - Signal for SPY (mean_reversion regime): Combined=0.54 -> 1
2025-04-29 14:43:00,173 - src.strategy.implementations.regime_ensemble_strategy - INFO -   Components: Trend=-0.00, MeanRev=0.80, Vol=0.00
2025-04-29 14:43:00,173 - src.execution.order_registry - INFO - Registered order: a339f4c4-9184-45c7-a61b-baa434cd1db8
2025-04-29 14:43:00,173 - src.execution.order_manager - INFO - Emitting order event: a339f4c4-9184-45c7-a61b-baa434cd1db8
2025-04-29 14:43:00,173 - src.risk.managers.simple - INFO - Reducing BUY size from 100 to 9 for SPY (value limit)
2025-04-29 14:43:00,173 - src.risk.managers.simple - INFO - Reducing BUY size from 100 to 9 for SPY (value limit)
2025-04-29 14:43:00,173 - src.risk.managers.simple - INFO - Reducing BUY size from 100 to 9 for SPY (value limit)
2025-04-29 14:43:00,173 - src.risk.managers.simple - INFO - Reducing BUY size from 100 to 9 for SPY (value limit)
2025-04-29 14:43:00,175 - src.strategy.implementations.regime_ensemble_strategy - INFO - Signal for SPY (mean_reversion regime): Combined=0.54 -> 1
2025-04-29 14:43:00,175 - src.strategy.implementations.regime_ensemble_strategy - INFO -   Components: Trend=-0.00, MeanRev=0.80, Vol=0.00
2025-04-29 14:43:00,179 - src.strategy.implementations.regime_ensemble_strategy - INFO - Signal for SPY (mean_reversion regime): Combined=0.55 -> 1
2025-04-29 14:43:00,179 - src.strategy.implementations.regime_ensemble_strategy - INFO -   Components: Trend=-0.00, MeanRev=0.83, Vol=0.00
2025-04-29 14:43:00,179 - src.execution.order_registry - INFO - Registered order: d4f6a869-7972-4f19-836b-94658de8a174
2025-04-29 14:43:00,179 - src.execution.order_manager - INFO - Emitting order event: d4f6a869-7972-4f19-836b-94658de8a174
2025-04-29 14:43:00,179 - src.risk.managers.simple - INFO - Reducing BUY size from 100 to 9 for SPY (value limit)
2025-04-29 14:43:00,179 - src.risk.managers.simple - INFO - Reducing BUY size from 100 to 9 for SPY (value limit)
2025-04-29 14:43:00,179 - src.risk.managers.simple - INFO - Reducing BUY size from 100 to 9 for SPY (value limit)
2025-04-29 14:43:00,179 - src.risk.managers.simple - INFO - Reducing BUY size from 100 to 9 for SPY (value limit)
2025-04-29 14:43:00,181 - src.strategy.implementations.regime_ensemble_strategy - INFO - Signal for SPY (mean_reversion regime): Combined=0.55 -> 1
2025-04-29 14:43:00,181 - src.strategy.implementations.regime_ensemble_strategy - INFO -   Components: Trend=-0.00, MeanRev=0.83, Vol=0.00
2025-04-29 14:43:00,182 - src.strategy.implementations.regime_ensemble_strategy - INFO - Signal for SPY (mean_reversion regime): Combined=0.52 -> 1
2025-04-29 14:43:00,182 - src.strategy.implementations.regime_ensemble_strategy - INFO -   Components: Trend=-0.00, MeanRev=0.77, Vol=0.00
2025-04-29 14:43:00,182 - src.execution.order_registry - INFO - Registered order: bfae59dd-573e-42bb-8d4b-b1887afdbd54
2025-04-29 14:43:00,182 - src.execution.order_manager - INFO - Emitting order event: bfae59dd-573e-42bb-8d4b-b1887afdbd54
2025-04-29 14:43:00,182 - src.risk.managers.simple - INFO - Reducing BUY size from 100 to 9 for SPY (value limit)
2025-04-29 14:43:00,182 - src.risk.managers.simple - INFO - Reducing BUY size from 100 to 9 for SPY (value limit)
2025-04-29 14:43:00,182 - src.risk.managers.simple - INFO - Reducing BUY size from 100 to 9 for SPY (value limit)
2025-04-29 14:43:00,182 - src.risk.managers.simple - INFO - Reducing BUY size from 100 to 9 for SPY (value limit)
2025-04-29 14:43:00,184 - src.strategy.implementations.regime_ensemble_strategy - INFO - Signal for SPY (mean_reversion regime): Combined=0.52 -> 1
2025-04-29 14:43:00,184 - src.strategy.implementations.regime_ensemble_strategy - INFO -   Components: Trend=-0.00, MeanRev=0.77, Vol=0.00
2025-04-29 14:43:00,185 - src.strategy.implementations.regime_ensemble_strategy - INFO - Signal for SPY (mean_reversion regime): Combined=0.52 -> 1
2025-04-29 14:43:00,185 - src.strategy.implementations.regime_ensemble_strategy - INFO -   Components: Trend=-0.00, MeanRev=0.79, Vol=0.00
2025-04-29 14:43:00,185 - src.execution.order_registry - INFO - Registered order: 99ee916e-c0a6-42c8-b384-9639103f94a8
2025-04-29 14:43:00,185 - src.execution.order_manager - INFO - Emitting order event: 99ee916e-c0a6-42c8-b384-9639103f94a8
2025-04-29 14:43:00,185 - src.risk.managers.simple - INFO - Reducing BUY size from 100 to 9 for SPY (value limit)
2025-04-29 14:43:00,185 - src.risk.managers.simple - INFO - Reducing BUY size from 100 to 9 for SPY (value limit)
2025-04-29 14:43:00,185 - src.risk.managers.simple - INFO - Reducing BUY size from 100 to 9 for SPY (value limit)
2025-04-29 14:43:00,185 - src.risk.managers.simple - INFO - Reducing BUY size from 100 to 9 for SPY (value limit)
2025-04-29 14:43:00,187 - src.strategy.implementations.regime_ensemble_strategy - INFO - Signal for SPY (mean_reversion regime): Combined=0.52 -> 1
2025-04-29 14:43:00,187 - src.strategy.implementations.regime_ensemble_strategy - INFO -   Components: Trend=-0.00, MeanRev=0.79, Vol=0.00
2025-04-29 14:43:00,191 - src.strategy.implementations.regime_ensemble_strategy - INFO - Signal for SPY (mean_reversion regime): Combined=0.50 -> 1
2025-04-29 14:43:00,191 - src.strategy.implementations.regime_ensemble_strategy - INFO -   Components: Trend=-0.00, MeanRev=0.76, Vol=0.00
2025-04-29 14:43:00,191 - src.execution.order_registry - INFO - Registered order: aaaf742d-a213-4e27-803b-d98e81c74d83
2025-04-29 14:43:00,191 - src.execution.order_manager - INFO - Emitting order event: aaaf742d-a213-4e27-803b-d98e81c74d83
2025-04-29 14:43:00,191 - src.risk.managers.simple - INFO - Reducing BUY size from 100 to 9 for SPY (value limit)
2025-04-29 14:43:00,191 - src.risk.managers.simple - INFO - Reducing BUY size from 100 to 9 for SPY (value limit)
2025-04-29 14:43:00,191 - src.risk.managers.simple - INFO - Reducing BUY size from 100 to 9 for SPY (value limit)
2025-04-29 14:43:00,191 - src.risk.managers.simple - INFO - Reducing BUY size from 100 to 9 for SPY (value limit)
2025-04-29 14:43:00,192 - src.strategy.implementations.regime_ensemble_strategy - INFO - Signal for SPY (mean_reversion regime): Combined=0.50 -> 1
2025-04-29 14:43:00,192 - src.strategy.implementations.regime_ensemble_strategy - INFO -   Components: Trend=-0.00, MeanRev=0.76, Vol=0.00
2025-04-29 14:43:00,194 - src.strategy.implementations.regime_ensemble_strategy - INFO - Signal for SPY (mean_reversion regime): Combined=0.51 -> 1
2025-04-29 14:43:00,194 - src.strategy.implementations.regime_ensemble_strategy - INFO -   Components: Trend=-0.00, MeanRev=0.77, Vol=0.00
2025-04-29 14:43:00,194 - src.execution.order_registry - INFO - Registered order: 474b2ca2-d8b0-4bcc-bf07-01363c000b78
2025-04-29 14:43:00,194 - src.execution.order_manager - INFO - Emitting order event: 474b2ca2-d8b0-4bcc-bf07-01363c000b78
2025-04-29 14:43:00,194 - src.risk.managers.simple - INFO - Reducing BUY size from 100 to 9 for SPY (value limit)
2025-04-29 14:43:00,194 - src.risk.managers.simple - INFO - Reducing BUY size from 100 to 9 for SPY (value limit)
2025-04-29 14:43:00,194 - src.risk.managers.simple - INFO - Reducing BUY size from 100 to 9 for SPY (value limit)
2025-04-29 14:43:00,194 - src.risk.managers.simple - INFO - Reducing BUY size from 100 to 9 for SPY (value limit)
2025-04-29 14:43:00,195 - src.strategy.implementations.regime_ensemble_strategy - INFO - Signal for SPY (mean_reversion regime): Combined=0.51 -> 1
2025-04-29 14:43:00,195 - src.strategy.implementations.regime_ensemble_strategy - INFO -   Components: Trend=-0.00, MeanRev=0.77, Vol=0.00
2025-04-29 14:43:00,197 - src.strategy.implementations.regime_ensemble_strategy - INFO - Signal for SPY (mean_reversion regime): Combined=0.52 -> 1
2025-04-29 14:43:00,197 - src.strategy.implementations.regime_ensemble_strategy - INFO -   Components: Trend=-0.00, MeanRev=0.77, Vol=0.00
2025-04-29 14:43:00,197 - src.execution.order_registry - INFO - Registered order: 71f6d95f-808b-4a50-b7df-4a0a54cde579
2025-04-29 14:43:00,197 - src.execution.order_manager - INFO - Emitting order event: 71f6d95f-808b-4a50-b7df-4a0a54cde579
2025-04-29 14:43:00,197 - src.risk.managers.simple - INFO - Reducing BUY size from 100 to 9 for SPY (value limit)
2025-04-29 14:43:00,197 - src.risk.managers.simple - INFO - Reducing BUY size from 100 to 9 for SPY (value limit)
2025-04-29 14:43:00,197 - src.risk.managers.simple - INFO - Reducing BUY size from 100 to 9 for SPY (value limit)
2025-04-29 14:43:00,197 - src.risk.managers.simple - INFO - Reducing BUY size from 100 to 9 for SPY (value limit)
2025-04-29 14:43:00,198 - src.strategy.implementations.regime_ensemble_strategy - INFO - Signal for SPY (mean_reversion regime): Combined=0.52 -> 1
2025-04-29 14:43:00,198 - src.strategy.implementations.regime_ensemble_strategy - INFO -   Components: Trend=-0.00, MeanRev=0.77, Vol=0.00
2025-04-29 14:43:00,200 - src.strategy.implementations.regime_ensemble_strategy - INFO - Signal for SPY (mean_reversion regime): Combined=0.53 -> 1
2025-04-29 14:43:00,200 - src.strategy.implementations.regime_ensemble_strategy - INFO -   Components: Trend=-0.00, MeanRev=0.80, Vol=0.00
2025-04-29 14:43:00,200 - src.execution.order_registry - INFO - Registered order: ba7d7059-06cf-4230-8bcc-2a7e6f1f4610
2025-04-29 14:43:00,201 - src.execution.order_manager - INFO - Emitting order event: ba7d7059-06cf-4230-8bcc-2a7e6f1f4610
2025-04-29 14:43:00,201 - src.risk.managers.simple - INFO - Reducing BUY size from 100 to 9 for SPY (value limit)
2025-04-29 14:43:00,201 - src.risk.managers.simple - INFO - Reducing BUY size from 100 to 9 for SPY (value limit)
2025-04-29 14:43:00,201 - src.risk.managers.simple - INFO - Reducing BUY size from 100 to 9 for SPY (value limit)
2025-04-29 14:43:00,201 - src.risk.managers.simple - INFO - Reducing BUY size from 100 to 9 for SPY (value limit)
2025-04-29 14:43:00,203 - src.strategy.implementations.regime_ensemble_strategy - INFO - Signal for SPY (mean_reversion regime): Combined=0.53 -> 1
2025-04-29 14:43:00,203 - src.strategy.implementations.regime_ensemble_strategy - INFO -   Components: Trend=-0.00, MeanRev=0.80, Vol=0.00
2025-04-29 14:43:00,243 - src.strategy.implementations.regime_ensemble_strategy - INFO - Signal for SPY (mean_reversion regime): Combined=-0.51 -> -1
2025-04-29 14:43:00,243 - src.strategy.implementations.regime_ensemble_strategy - INFO -   Components: Trend=0.00, MeanRev=-0.76, Vol=0.00
2025-04-29 14:43:00,243 - src.execution.order_registry - INFO - Registered order: ea580d58-a40d-4aa0-9628-df510ea33d1d
2025-04-29 14:43:00,243 - src.execution.order_manager - INFO - Emitting order event: ea580d58-a40d-4aa0-9628-df510ea33d1d
2025-04-29 14:43:00,245 - src.strategy.implementations.regime_ensemble_strategy - INFO - Signal for SPY (mean_reversion regime): Combined=-0.51 -> -1
2025-04-29 14:43:00,245 - src.strategy.implementations.regime_ensemble_strategy - INFO -   Components: Trend=0.00, MeanRev=-0.76, Vol=0.00
2025-04-29 14:43:00,304 - src.strategy.implementations.regime_ensemble_strategy - INFO - Regime change for SPY: mean_reversion -> neutral
2025-04-29 14:43:00,356 - src.strategy.implementations.regime_ensemble_strategy - INFO - Regime change for SPY: neutral -> mean_reversion
2025-04-29 14:43:00,357 - src.strategy.implementations.regime_ensemble_strategy - INFO - Regime change for SPY: mean_reversion -> neutral
2025-04-29 14:43:00,360 - src.strategy.implementations.regime_ensemble_strategy - INFO - Regime change for SPY: neutral -> mean_reversion
2025-04-29 14:43:00,661 - src.strategy.implementations.regime_ensemble_strategy - INFO - Signal for SPY (mean_reversion regime): Combined=-0.51 -> -1
2025-04-29 14:43:00,661 - src.strategy.implementations.regime_ensemble_strategy - INFO -   Components: Trend=0.00, MeanRev=-0.76, Vol=0.00
2025-04-29 14:43:00,661 - src.execution.order_registry - INFO - Registered order: d4de7019-503d-426e-92fc-fc43930f406d
2025-04-29 14:43:00,661 - src.execution.order_manager - INFO - Emitting order event: d4de7019-503d-426e-92fc-fc43930f406d
2025-04-29 14:43:00,662 - src.strategy.implementations.regime_ensemble_strategy - INFO - Signal for SPY (mean_reversion regime): Combined=-0.51 -> -1
2025-04-29 14:43:00,662 - src.strategy.implementations.regime_ensemble_strategy - INFO -   Components: Trend=0.00, MeanRev=-0.76, Vol=0.00
2025-04-29 14:43:00,664 - src.strategy.implementations.regime_ensemble_strategy - INFO - Signal for SPY (mean_reversion regime): Combined=-0.52 -> -1
2025-04-29 14:43:00,664 - src.strategy.implementations.regime_ensemble_strategy - INFO -   Components: Trend=0.00, MeanRev=-0.78, Vol=0.00
2025-04-29 14:43:00,664 - src.execution.order_registry - INFO - Registered order: ce50c2b7-e404-4b09-a380-f017fa9f9f5c
2025-04-29 14:43:00,664 - src.execution.order_manager - INFO - Emitting order event: ce50c2b7-e404-4b09-a380-f017fa9f9f5c
2025-04-29 14:43:00,665 - src.strategy.implementations.regime_ensemble_strategy - INFO - Signal for SPY (mean_reversion regime): Combined=-0.52 -> -1
2025-04-29 14:43:00,665 - src.strategy.implementations.regime_ensemble_strategy - INFO -   Components: Trend=0.00, MeanRev=-0.78, Vol=0.00
2025-04-29 14:43:01,051 - src.strategy.implementations.regime_ensemble_strategy - INFO - Signal for SPY (mean_reversion regime): Combined=0.51 -> 1
2025-04-29 14:43:01,051 - src.strategy.implementations.regime_ensemble_strategy - INFO -   Components: Trend=-0.00, MeanRev=0.77, Vol=0.00
2025-04-29 14:43:01,051 - src.execution.order_registry - INFO - Registered order: 114a88ef-1f1d-459c-b37b-be488ed27750
2025-04-29 14:43:01,051 - src.execution.order_manager - INFO - Emitting order event: 114a88ef-1f1d-459c-b37b-be488ed27750
2025-04-29 14:43:01,051 - src.risk.managers.simple - INFO - Reducing BUY size from 100 to 9 for SPY (value limit)
2025-04-29 14:43:01,051 - src.risk.managers.simple - INFO - Reducing BUY size from 100 to 9 for SPY (value limit)
2025-04-29 14:43:01,051 - src.risk.managers.simple - INFO - Reducing BUY size from 100 to 9 for SPY (value limit)
2025-04-29 14:43:01,051 - src.risk.managers.simple - INFO - Reducing BUY size from 100 to 9 for SPY (value limit)
2025-04-29 14:43:01,103 - src.strategy.implementations.regime_ensemble_strategy - INFO - Signal for SPY (mean_reversion regime): Combined=0.52 -> 1
2025-04-29 14:43:01,103 - src.strategy.implementations.regime_ensemble_strategy - INFO -   Components: Trend=-0.00, MeanRev=0.79, Vol=0.00
2025-04-29 14:43:01,103 - src.execution.order_registry - INFO - Registered order: d417b258-ff4e-4790-a624-25f68edc8b1d
2025-04-29 14:43:01,103 - src.execution.order_manager - INFO - Emitting order event: d417b258-ff4e-4790-a624-25f68edc8b1d
2025-04-29 14:43:01,103 - src.risk.managers.simple - INFO - Reducing BUY size from 100 to 9 for SPY (value limit)
2025-04-29 14:43:01,103 - src.risk.managers.simple - INFO - Reducing BUY size from 100 to 9 for SPY (value limit)
2025-04-29 14:43:01,103 - src.risk.managers.simple - INFO - Reducing BUY size from 100 to 9 for SPY (value limit)
2025-04-29 14:43:01,103 - src.risk.managers.simple - INFO - Reducing BUY size from 100 to 9 for SPY (value limit)
2025-04-29 14:43:01,104 - src.strategy.implementations.regime_ensemble_strategy - INFO - Signal for SPY (mean_reversion regime): Combined=0.52 -> 1
2025-04-29 14:43:01,104 - src.strategy.implementations.regime_ensemble_strategy - INFO -   Components: Trend=-0.00, MeanRev=0.79, Vol=0.00
2025-04-29 14:43:01,106 - src.strategy.implementations.regime_ensemble_strategy - INFO - Signal for SPY (mean_reversion regime): Combined=0.53 -> 1
2025-04-29 14:43:01,106 - src.strategy.implementations.regime_ensemble_strategy - INFO -   Components: Trend=-0.00, MeanRev=0.79, Vol=0.00
2025-04-29 14:43:01,106 - src.execution.order_registry - INFO - Registered order: e53b1c96-dcca-445f-9ca9-71029044c19e
2025-04-29 14:43:01,106 - src.execution.order_manager - INFO - Emitting order event: e53b1c96-dcca-445f-9ca9-71029044c19e
2025-04-29 14:43:01,106 - src.risk.managers.simple - INFO - Reducing BUY size from 100 to 9 for SPY (value limit)
2025-04-29 14:43:01,106 - src.risk.managers.simple - INFO - Reducing BUY size from 100 to 9 for SPY (value limit)
2025-04-29 14:43:01,106 - src.risk.managers.simple - INFO - Reducing BUY size from 100 to 9 for SPY (value limit)
2025-04-29 14:43:01,106 - src.risk.managers.simple - INFO - Reducing BUY size from 100 to 9 for SPY (value limit)
2025-04-29 14:43:01,108 - src.strategy.implementations.regime_ensemble_strategy - INFO - Signal for SPY (mean_reversion regime): Combined=0.53 -> 1
2025-04-29 14:43:01,108 - src.strategy.implementations.regime_ensemble_strategy - INFO -   Components: Trend=-0.00, MeanRev=0.79, Vol=0.00
2025-04-29 14:43:01,109 - src.strategy.implementations.regime_ensemble_strategy - INFO - Signal for SPY (mean_reversion regime): Combined=0.52 -> 1
2025-04-29 14:43:01,109 - src.strategy.implementations.regime_ensemble_strategy - INFO -   Components: Trend=-0.00, MeanRev=0.79, Vol=0.00
2025-04-29 14:43:01,109 - src.execution.order_registry - INFO - Registered order: f54d0935-19ed-4a91-8957-c25119e9febc
2025-04-29 14:43:01,110 - src.execution.order_manager - INFO - Emitting order event: f54d0935-19ed-4a91-8957-c25119e9febc
2025-04-29 14:43:01,110 - src.risk.managers.simple - INFO - Reducing BUY size from 100 to 9 for SPY (value limit)
2025-04-29 14:43:01,110 - src.risk.managers.simple - INFO - Reducing BUY size from 100 to 9 for SPY (value limit)
2025-04-29 14:43:01,110 - src.risk.managers.simple - INFO - Reducing BUY size from 100 to 9 for SPY (value limit)
2025-04-29 14:43:01,110 - src.risk.managers.simple - INFO - Reducing BUY size from 100 to 9 for SPY (value limit)
2025-04-29 14:43:01,111 - src.strategy.implementations.regime_ensemble_strategy - INFO - Signal for SPY (mean_reversion regime): Combined=0.52 -> 1
2025-04-29 14:43:01,111 - src.strategy.implementations.regime_ensemble_strategy - INFO -   Components: Trend=-0.00, MeanRev=0.79, Vol=0.00
2025-04-29 14:43:01,124 - src.strategy.implementations.regime_ensemble_strategy - INFO - Signal for SPY (mean_reversion regime): Combined=0.53 -> 1
2025-04-29 14:43:01,124 - src.strategy.implementations.regime_ensemble_strategy - INFO -   Components: Trend=-0.00, MeanRev=0.80, Vol=0.00
2025-04-29 14:43:01,124 - src.execution.order_registry - INFO - Registered order: 199bb4ad-1f7c-439b-974e-85da4ca947fc
2025-04-29 14:43:01,124 - src.execution.order_manager - INFO - Emitting order event: 199bb4ad-1f7c-439b-974e-85da4ca947fc
2025-04-29 14:43:01,124 - src.risk.managers.simple - INFO - Reducing BUY size from 100 to 9 for SPY (value limit)
2025-04-29 14:43:01,124 - src.risk.managers.simple - INFO - Reducing BUY size from 100 to 9 for SPY (value limit)
2025-04-29 14:43:01,124 - src.risk.managers.simple - INFO - Reducing BUY size from 100 to 9 for SPY (value limit)
2025-04-29 14:43:01,124 - src.risk.managers.simple - INFO - Reducing BUY size from 100 to 9 for SPY (value limit)
2025-04-29 14:43:01,125 - src.strategy.implementations.regime_ensemble_strategy - INFO - Signal for SPY (mean_reversion regime): Combined=0.53 -> 1
2025-04-29 14:43:01,126 - src.strategy.implementations.regime_ensemble_strategy - INFO -   Components: Trend=-0.00, MeanRev=0.80, Vol=0.00
2025-04-29 14:43:01,126 - src.execution.order_registry - INFO - Registered order: 86c6ea15-68b8-40ad-8faa-545d30d32151
2025-04-29 14:43:01,126 - src.execution.order_manager - INFO - Emitting order event: 86c6ea15-68b8-40ad-8faa-545d30d32151
2025-04-29 14:43:01,126 - src.risk.managers.simple - INFO - Reducing BUY size from 100 to 9 for SPY (value limit)
2025-04-29 14:43:01,126 - src.risk.managers.simple - INFO - Reducing BUY size from 100 to 9 for SPY (value limit)
2025-04-29 14:43:01,126 - src.risk.managers.simple - INFO - Reducing BUY size from 100 to 9 for SPY (value limit)
2025-04-29 14:43:01,126 - src.risk.managers.simple - INFO - Reducing BUY size from 100 to 9 for SPY (value limit)
2025-04-29 14:43:01,127 - src.strategy.implementations.regime_ensemble_strategy - INFO - Signal for SPY (mean_reversion regime): Combined=0.53 -> 1
2025-04-29 14:43:01,127 - src.strategy.implementations.regime_ensemble_strategy - INFO -   Components: Trend=-0.00, MeanRev=0.80, Vol=0.00
2025-04-29 14:43:01,129 - src.strategy.implementations.regime_ensemble_strategy - INFO - Signal for SPY (mean_reversion regime): Combined=0.54 -> 1
2025-04-29 14:43:01,129 - src.strategy.implementations.regime_ensemble_strategy - INFO -   Components: Trend=-0.00, MeanRev=0.82, Vol=0.00
2025-04-29 14:43:01,129 - src.execution.order_registry - INFO - Registered order: 68f297fb-1be7-47ac-b8b7-c9f26af98189
2025-04-29 14:43:01,129 - src.execution.order_manager - INFO - Emitting order event: 68f297fb-1be7-47ac-b8b7-c9f26af98189
2025-04-29 14:43:01,129 - src.risk.managers.simple - INFO - Reducing BUY size from 100 to 9 for SPY (value limit)
2025-04-29 14:43:01,129 - src.risk.managers.simple - INFO - Reducing BUY size from 100 to 9 for SPY (value limit)
2025-04-29 14:43:01,129 - src.risk.managers.simple - INFO - Reducing BUY size from 100 to 9 for SPY (value limit)
2025-04-29 14:43:01,129 - src.risk.managers.simple - INFO - Reducing BUY size from 100 to 9 for SPY (value limit)
2025-04-29 14:43:01,131 - src.strategy.implementations.regime_ensemble_strategy - INFO - Signal for SPY (mean_reversion regime): Combined=0.54 -> 1
2025-04-29 14:43:01,131 - src.strategy.implementations.regime_ensemble_strategy - INFO -   Components: Trend=-0.00, MeanRev=0.82, Vol=0.00
2025-04-29 14:43:01,132 - src.strategy.implementations.regime_ensemble_strategy - INFO - Signal for SPY (mean_reversion regime): Combined=0.55 -> 1
2025-04-29 14:43:01,132 - src.strategy.implementations.regime_ensemble_strategy - INFO -   Components: Trend=-0.00, MeanRev=0.83, Vol=0.00
2025-04-29 14:43:01,132 - src.execution.order_registry - INFO - Registered order: 061b7dfc-cd7a-43a4-b1a4-fd0792fff738
2025-04-29 14:43:01,132 - src.execution.order_manager - INFO - Emitting order event: 061b7dfc-cd7a-43a4-b1a4-fd0792fff738
2025-04-29 14:43:01,132 - src.risk.managers.simple - INFO - Reducing BUY size from 100 to 9 for SPY (value limit)
2025-04-29 14:43:01,132 - src.risk.managers.simple - INFO - Reducing BUY size from 100 to 9 for SPY (value limit)
2025-04-29 14:43:01,132 - src.risk.managers.simple - INFO - Reducing BUY size from 100 to 9 for SPY (value limit)
2025-04-29 14:43:01,132 - src.risk.managers.simple - INFO - Reducing BUY size from 100 to 9 for SPY (value limit)
2025-04-29 14:43:01,134 - src.strategy.implementations.regime_ensemble_strategy - INFO - Signal for SPY (mean_reversion regime): Combined=0.55 -> 1
2025-04-29 14:43:01,134 - src.strategy.implementations.regime_ensemble_strategy - INFO -   Components: Trend=-0.00, MeanRev=0.83, Vol=0.00
2025-04-29 14:43:01,137 - src.strategy.implementations.regime_ensemble_strategy - INFO - Signal for SPY (mean_reversion regime): Combined=0.59 -> 1
2025-04-29 14:43:01,137 - src.strategy.implementations.regime_ensemble_strategy - INFO -   Components: Trend=-0.00, MeanRev=0.89, Vol=0.00
2025-04-29 14:43:01,137 - src.execution.order_registry - INFO - Registered order: bad84b02-af91-4eaa-bb70-486eb58690c1
2025-04-29 14:43:01,137 - src.execution.order_manager - INFO - Emitting order event: bad84b02-af91-4eaa-bb70-486eb58690c1
2025-04-29 14:43:01,137 - src.risk.managers.simple - INFO - Reducing BUY size from 100 to 9 for SPY (value limit)
2025-04-29 14:43:01,137 - src.risk.managers.simple - INFO - Reducing BUY size from 100 to 9 for SPY (value limit)
2025-04-29 14:43:01,137 - src.risk.managers.simple - INFO - Reducing BUY size from 100 to 9 for SPY (value limit)
2025-04-29 14:43:01,137 - src.risk.managers.simple - INFO - Reducing BUY size from 100 to 9 for SPY (value limit)
2025-04-29 14:43:01,151 - src.strategy.implementations.regime_ensemble_strategy - INFO - Regime change for SPY: mean_reversion -> neutral
2025-04-29 14:43:01,156 - src.strategy.implementations.regime_ensemble_strategy - INFO - Regime change for SPY: neutral -> mean_reversion
2025-04-29 14:43:01,157 - src.strategy.implementations.regime_ensemble_strategy - INFO - Regime change for SPY: mean_reversion -> neutral
2025-04-29 14:43:01,175 - src.strategy.implementations.regime_ensemble_strategy - INFO - Regime change for SPY: neutral -> mean_reversion
2025-04-29 14:43:01,189 - src.strategy.implementations.regime_ensemble_strategy - INFO - Regime change for SPY: mean_reversion -> neutral
2025-04-29 14:43:01,256 - src.strategy.implementations.regime_ensemble_strategy - INFO - Regime change for SPY: neutral -> mean_reversion
2025-04-29 14:43:01,279 - src.strategy.implementations.regime_ensemble_strategy - INFO - Regime change for SPY: mean_reversion -> neutral
2025-04-29 14:43:01,285 - src.strategy.implementations.regime_ensemble_strategy - INFO - Regime change for SPY: neutral -> mean_reversion
2025-04-29 14:43:01,288 - src.strategy.implementations.regime_ensemble_strategy - INFO - Regime change for SPY: mean_reversion -> neutral
2025-04-29 14:43:01,293 - src.strategy.implementations.regime_ensemble_strategy - INFO - Regime change for SPY: neutral -> mean_reversion
2025-04-29 14:43:01,295 - src.strategy.implementations.regime_ensemble_strategy - INFO - Regime change for SPY: mean_reversion -> neutral
2025-04-29 14:43:01,305 - src.strategy.implementations.regime_ensemble_strategy - INFO - Regime change for SPY: neutral -> mean_reversion
2025-04-29 14:43:01,308 - src.strategy.implementations.regime_ensemble_strategy - INFO - Regime change for SPY: mean_reversion -> neutral
2025-04-29 14:43:01,311 - src.strategy.implementations.regime_ensemble_strategy - INFO - Regime change for SPY: neutral -> mean_reversion
2025-04-29 14:43:01,783 - src.strategy.implementations.regime_ensemble_strategy - INFO - Signal for SPY (mean_reversion regime): Combined=-0.54 -> -1
2025-04-29 14:43:01,783 - src.strategy.implementations.regime_ensemble_strategy - INFO -   Components: Trend=0.00, MeanRev=-0.81, Vol=0.00
2025-04-29 14:43:01,783 - src.execution.order_registry - INFO - Registered order: 9dc33318-2c6a-452c-8dec-fa9d405b2394
2025-04-29 14:43:01,783 - src.execution.order_manager - INFO - Emitting order event: 9dc33318-2c6a-452c-8dec-fa9d405b2394
2025-04-29 14:43:01,785 - src.strategy.implementations.regime_ensemble_strategy - INFO - Signal for SPY (mean_reversion regime): Combined=-0.54 -> -1
2025-04-29 14:43:01,785 - src.strategy.implementations.regime_ensemble_strategy - INFO -   Components: Trend=0.00, MeanRev=-0.81, Vol=0.00
2025-04-29 14:43:01,787 - src.strategy.implementations.regime_ensemble_strategy - INFO - Signal for SPY (mean_reversion regime): Combined=-0.52 -> -1
2025-04-29 14:43:01,787 - src.strategy.implementations.regime_ensemble_strategy - INFO -   Components: Trend=0.00, MeanRev=-0.78, Vol=0.00
2025-04-29 14:43:01,787 - src.execution.order_registry - INFO - Registered order: bd4a6cd4-3fb7-4a6d-855d-97e88a91c4d0
2025-04-29 14:43:01,787 - src.execution.order_manager - INFO - Emitting order event: bd4a6cd4-3fb7-4a6d-855d-97e88a91c4d0
2025-04-29 14:43:01,789 - src.strategy.implementations.regime_ensemble_strategy - INFO - Signal for SPY (mean_reversion regime): Combined=-0.52 -> -1
2025-04-29 14:43:01,789 - src.strategy.implementations.regime_ensemble_strategy - INFO -   Components: Trend=0.00, MeanRev=-0.78, Vol=0.00
2025-04-29 14:43:01,790 - src.strategy.implementations.regime_ensemble_strategy - INFO - Signal for SPY (mean_reversion regime): Combined=-0.53 -> -1
2025-04-29 14:43:01,790 - src.strategy.implementations.regime_ensemble_strategy - INFO -   Components: Trend=0.00, MeanRev=-0.80, Vol=0.00
2025-04-29 14:43:01,790 - src.execution.order_registry - INFO - Registered order: 2b923def-f166-41a7-a8d7-aa7c05cfe37f
2025-04-29 14:43:01,790 - src.execution.order_manager - INFO - Emitting order event: 2b923def-f166-41a7-a8d7-aa7c05cfe37f
2025-04-29 14:43:01,792 - src.strategy.implementations.regime_ensemble_strategy - INFO - Signal for SPY (mean_reversion regime): Combined=-0.53 -> -1
2025-04-29 14:43:01,792 - src.strategy.implementations.regime_ensemble_strategy - INFO -   Components: Trend=0.00, MeanRev=-0.80, Vol=0.00
2025-04-29 14:43:02,256 - src.strategy.implementations.regime_ensemble_strategy - INFO - Signal for SPY (mean_reversion regime): Combined=0.57 -> 1
2025-04-29 14:43:02,256 - src.strategy.implementations.regime_ensemble_strategy - INFO -   Components: Trend=-0.00, MeanRev=0.85, Vol=0.00
2025-04-29 14:43:02,256 - src.execution.order_registry - INFO - Registered order: 10c10665-fbfe-4737-919e-cfc61fd1d738
2025-04-29 14:43:02,256 - src.execution.order_manager - INFO - Emitting order event: 10c10665-fbfe-4737-919e-cfc61fd1d738
2025-04-29 14:43:02,256 - src.risk.managers.simple - INFO - Reducing BUY size from 100 to 9 for SPY (value limit)
2025-04-29 14:43:02,256 - src.risk.managers.simple - INFO - Reducing BUY size from 100 to 9 for SPY (value limit)
2025-04-29 14:43:02,256 - src.risk.managers.simple - INFO - Reducing BUY size from 100 to 9 for SPY (value limit)
2025-04-29 14:43:02,256 - src.risk.managers.simple - INFO - Reducing BUY size from 100 to 9 for SPY (value limit)
2025-04-29 14:43:02,258 - src.strategy.implementations.regime_ensemble_strategy - INFO - Signal for SPY (mean_reversion regime): Combined=0.57 -> 1
2025-04-29 14:43:02,258 - src.strategy.implementations.regime_ensemble_strategy - INFO -   Components: Trend=-0.00, MeanRev=0.85, Vol=0.00
2025-04-29 14:43:02,260 - src.strategy.implementations.regime_ensemble_strategy - INFO - Signal for SPY (mean_reversion regime): Combined=0.55 -> 1
2025-04-29 14:43:02,260 - src.strategy.implementations.regime_ensemble_strategy - INFO -   Components: Trend=-0.00, MeanRev=0.83, Vol=0.00
2025-04-29 14:43:02,260 - src.execution.order_registry - INFO - Registered order: ca73935a-bd59-435e-a098-ed70f2df9691
2025-04-29 14:43:02,260 - src.execution.order_manager - INFO - Emitting order event: ca73935a-bd59-435e-a098-ed70f2df9691
2025-04-29 14:43:02,260 - src.risk.managers.simple - INFO - Reducing BUY size from 100 to 9 for SPY (value limit)
2025-04-29 14:43:02,260 - src.risk.managers.simple - INFO - Reducing BUY size from 100 to 9 for SPY (value limit)
2025-04-29 14:43:02,260 - src.risk.managers.simple - INFO - Reducing BUY size from 100 to 9 for SPY (value limit)
2025-04-29 14:43:02,260 - src.risk.managers.simple - INFO - Reducing BUY size from 100 to 9 for SPY (value limit)
2025-04-29 14:43:02,262 - src.strategy.implementations.regime_ensemble_strategy - INFO - Signal for SPY (mean_reversion regime): Combined=0.55 -> 1
2025-04-29 14:43:02,262 - src.strategy.implementations.regime_ensemble_strategy - INFO -   Components: Trend=-0.00, MeanRev=0.83, Vol=0.00
2025-04-29 14:43:02,394 - src.execution.backtest.backtest - INFO - Processed 3000 iterations
